00:49:53:036  INFO 35498 --- [nacos-grpc-client-executor-32137] com.alibaba.nacos.common.remote.client   : [05fc99a2-8758-455b-afe1-67dd4a2f72ba_config-0] Receive server push request, request = ClientDetectionRequest, requestId = 2159
00:49:53:056  INFO 35498 --- [nacos-grpc-client-executor-32137] com.alibaba.nacos.common.remote.client   : [05fc99a2-8758-455b-afe1-67dd4a2f72ba_config-0] Ack server push request, request = ClientDetectionRequest, requestId = 2159
02:55:15:931  INFO 35498 --- [nacos-grpc-client-executor-32151] com.alibaba.nacos.common.remote.client   : [05fc99a2-8758-455b-afe1-67dd4a2f72ba_config-0] Receive server push request, request = ClientDetectionRequest, requestId = 2165
02:55:15:932  INFO 35498 --- [nacos-grpc-client-executor-32151] com.alibaba.nacos.common.remote.client   : [05fc99a2-8758-455b-afe1-67dd4a2f72ba_config-0] Ack server push request, request = ClientDetectionRequest, requestId = 2165
05:51:37:098  INFO 35498 --- [nacos-grpc-client-executor-32169] com.alibaba.nacos.common.remote.client   : [05fc99a2-8758-455b-afe1-67dd4a2f72ba_config-0] Receive server push request, request = ClientDetectionRequest, requestId = 2171
05:51:37:099  INFO 35498 --- [nacos-grpc-client-executor-32169] com.alibaba.nacos.common.remote.client   : [05fc99a2-8758-455b-afe1-67dd4a2f72ba_config-0] Ack server push request, request = ClientDetectionRequest, requestId = 2171
08:11:26:218  INFO 35498 --- [nacos-grpc-client-executor-32188] com.alibaba.nacos.common.remote.client   : [05fc99a2-8758-455b-afe1-67dd4a2f72ba_config-0] Receive server push request, request = ClientDetectionRequest, requestId = 2181
08:11:26:220  INFO 35498 --- [nacos-grpc-client-executor-32188] com.alibaba.nacos.common.remote.client   : [05fc99a2-8758-455b-afe1-67dd4a2f72ba_config-0] Ack server push request, request = ClientDetectionRequest, requestId = 2181
09:48:32:063  INFO 35498 --- [nacos-grpc-client-executor-32206] com.alibaba.nacos.common.remote.client   : [05fc99a2-8758-455b-afe1-67dd4a2f72ba_config-0] Receive server push request, request = ClientDetectionRequest, requestId = 2191
09:48:32:065  INFO 35498 --- [nacos-grpc-client-executor-32206] com.alibaba.nacos.common.remote.client   : [05fc99a2-8758-455b-afe1-67dd4a2f72ba_config-0] Ack server push request, request = ClientDetectionRequest, requestId = 2191
11:49:09:404  INFO 35498 --- [nacos-grpc-client-executor-32424] com.alibaba.nacos.common.remote.client   : [016d1418-ac63-4258-9e58-fe6dfffbf6a4] Receive server push request, request = ClientDetectionRequest, requestId = 2196
11:49:09:406  INFO 35498 --- [nacos-grpc-client-executor-32222] com.alibaba.nacos.common.remote.client   : [05fc99a2-8758-455b-afe1-67dd4a2f72ba_config-0] Receive server push request, request = ClientDetectionRequest, requestId = 2198
11:49:09:406  INFO 35498 --- [nacos-grpc-client-executor-32424] com.alibaba.nacos.common.remote.client   : [016d1418-ac63-4258-9e58-fe6dfffbf6a4] Ack server push request, request = ClientDetectionRequest, requestId = 2196
11:49:09:406  INFO 35498 --- [nacos-grpc-client-executor-32222] com.alibaba.nacos.common.remote.client   : [05fc99a2-8758-455b-afe1-67dd4a2f72ba_config-0] Ack server push request, request = ClientDetectionRequest, requestId = 2198
13:33:38:187  INFO 35498 --- [nacos-grpc-client-executor-32437] com.alibaba.nacos.common.remote.client   : [016d1418-ac63-4258-9e58-fe6dfffbf6a4] Receive server push request, request = ClientDetectionRequest, requestId = 2205
13:33:38:191  INFO 35498 --- [nacos-grpc-client-executor-32437] com.alibaba.nacos.common.remote.client   : [016d1418-ac63-4258-9e58-fe6dfffbf6a4] Ack server push request, request = ClientDetectionRequest, requestId = 2205
13:33:38:198  INFO 35498 --- [nacos-grpc-client-executor-32237] com.alibaba.nacos.common.remote.client   : [05fc99a2-8758-455b-afe1-67dd4a2f72ba_config-0] Receive server push request, request = ClientDetectionRequest, requestId = 2207
13:33:38:198  INFO 35498 --- [nacos-grpc-client-executor-32237] com.alibaba.nacos.common.remote.client   : [05fc99a2-8758-455b-afe1-67dd4a2f72ba_config-0] Ack server push request, request = ClientDetectionRequest, requestId = 2207
13:33:38:225 ERROR 35498 --- [nacos-grpc-client-executor-32238] c.a.n.c.remote.client.grpc.GrpcClient    : [1747390149252_192.168.2.1_59275]Request stream onCompleted, switch server
13:33:38:225  INFO 35498 --- [com.alibaba.nacos.client.remote.worker] com.alibaba.nacos.common.remote.client   : [05fc99a2-8758-455b-afe1-67dd4a2f72ba_config-0] Try to reconnect to a new server, server is  not appointed, will choose a random server.
13:33:38:368  INFO 35498 --- [com.alibaba.nacos.client.remote.worker] com.alibaba.nacos.common.remote.client   : [05fc99a2-8758-455b-afe1-67dd4a2f72ba_config-0] Success to connect a server [192.168.2.132:8848], connectionId = 1747460018251_192.168.2.1_60656
13:33:38:368  INFO 35498 --- [com.alibaba.nacos.client.remote.worker] com.alibaba.nacos.common.remote.client   : [05fc99a2-8758-455b-afe1-67dd4a2f72ba_config-0] Abandon prev connection, server is 192.168.2.132:8848, connectionId is 1747390149252_192.168.2.1_59275
13:33:38:368  INFO 35498 --- [com.alibaba.nacos.client.remote.worker] com.alibaba.nacos.common.remote.client   : Close current connection 1747390149252_192.168.2.1_59275
13:33:38:369  INFO 35498 --- [com.alibaba.nacos.client.remote.worker] com.alibaba.nacos.common.remote.client   : [05fc99a2-8758-455b-afe1-67dd4a2f72ba_config-0] Notify disconnected event to listeners
13:33:38:370  INFO 35498 --- [com.alibaba.nacos.client.remote.worker] com.alibaba.nacos.common.remote.client   : [05fc99a2-8758-455b-afe1-67dd4a2f72ba_config-0] Notify connected event to listeners.
13:33:38:384 ERROR 35498 --- [com.alibaba.nacos.client.Worker] com.alibaba.nacos.common.remote.client   : Send request fail, request = ConfigBatchListenRequest{headers={charset=UTF-8, Client-AppName=unknown, Client-RequestToken=6544ade8c55f7a25ca8f9fd9be8a8572, Client-RequestTS=1747460018274, exConfigInfo=true, Timestamp=1747460018274}, requestId='null'}, retryTimes = 0, errorMessage = Client not connected, current status:UNHEALTHY
15:50:38:145  INFO 35498 --- [nacos-grpc-client-executor-32260] com.alibaba.nacos.common.remote.client   : [05fc99a2-8758-455b-afe1-67dd4a2f72ba_config-0] Receive server push request, request = ClientDetectionRequest, requestId = 2217
15:50:38:145  INFO 35498 --- [nacos-grpc-client-executor-32452] com.alibaba.nacos.common.remote.client   : [016d1418-ac63-4258-9e58-fe6dfffbf6a4] Receive server push request, request = ClientDetectionRequest, requestId = 2214
15:50:38:146  INFO 35498 --- [nacos-grpc-client-executor-32260] com.alibaba.nacos.common.remote.client   : [05fc99a2-8758-455b-afe1-67dd4a2f72ba_config-0] Ack server push request, request = ClientDetectionRequest, requestId = 2217
15:50:38:146  INFO 35498 --- [nacos-grpc-client-executor-32452] com.alibaba.nacos.common.remote.client   : [016d1418-ac63-4258-9e58-fe6dfffbf6a4] Ack server push request, request = ClientDetectionRequest, requestId = 2214
17:28:27:346  INFO 35498 --- [nacos-grpc-client-executor-32276] com.alibaba.nacos.common.remote.client   : [05fc99a2-8758-455b-afe1-67dd4a2f72ba_config-0] Receive server push request, request = ClientDetectionRequest, requestId = 2225
17:28:27:348  INFO 35498 --- [nacos-grpc-client-executor-32276] com.alibaba.nacos.common.remote.client   : [05fc99a2-8758-455b-afe1-67dd4a2f72ba_config-0] Ack server push request, request = ClientDetectionRequest, requestId = 2225
17:28:27:348  INFO 35498 --- [nacos-grpc-client-executor-32464] com.alibaba.nacos.common.remote.client   : [016d1418-ac63-4258-9e58-fe6dfffbf6a4] Receive server push request, request = ClientDetectionRequest, requestId = 2220
17:28:27:349  INFO 35498 --- [nacos-grpc-client-executor-32464] com.alibaba.nacos.common.remote.client   : [016d1418-ac63-4258-9e58-fe6dfffbf6a4] Ack server push request, request = ClientDetectionRequest, requestId = 2220
19:11:29:354  INFO 35498 --- [nacos-grpc-client-executor-32477] com.alibaba.nacos.common.remote.client   : [016d1418-ac63-4258-9e58-fe6dfffbf6a4] Receive server push request, request = ClientDetectionRequest, requestId = 2228
19:11:29:359  INFO 35498 --- [nacos-grpc-client-executor-32295] com.alibaba.nacos.common.remote.client   : [05fc99a2-8758-455b-afe1-67dd4a2f72ba_config-0] Receive server push request, request = ClientDetectionRequest, requestId = 2233
19:11:29:359  INFO 35498 --- [nacos-grpc-client-executor-32295] com.alibaba.nacos.common.remote.client   : [05fc99a2-8758-455b-afe1-67dd4a2f72ba_config-0] Ack server push request, request = ClientDetectionRequest, requestId = 2233
19:11:29:358  INFO 35498 --- [nacos-grpc-client-executor-32477] com.alibaba.nacos.common.remote.client   : [016d1418-ac63-4258-9e58-fe6dfffbf6a4] Ack server push request, request = ClientDetectionRequest, requestId = 2228
20:10:57:626  INFO 35498 --- [nacos-grpc-client-executor-32490] com.alibaba.nacos.common.remote.client   : [016d1418-ac63-4258-9e58-fe6dfffbf6a4] Receive server push request, request = ClientDetectionRequest, requestId = 2236
20:10:57:627  INFO 35498 --- [nacos-grpc-client-executor-32490] com.alibaba.nacos.common.remote.client   : [016d1418-ac63-4258-9e58-fe6dfffbf6a4] Ack server push request, request = ClientDetectionRequest, requestId = 2236
20:10:57:632  INFO 35498 --- [nacos-grpc-client-executor-32310] com.alibaba.nacos.common.remote.client   : [05fc99a2-8758-455b-afe1-67dd4a2f72ba_config-0] Receive server push request, request = ClientDetectionRequest, requestId = 2241
20:10:57:632  INFO 35498 --- [nacos-grpc-client-executor-32310] com.alibaba.nacos.common.remote.client   : [05fc99a2-8758-455b-afe1-67dd4a2f72ba_config-0] Ack server push request, request = ClientDetectionRequest, requestId = 2241
20:24:31:978  INFO 35498 --- [nacos-grpc-client-executor-32322] com.alibaba.nacos.common.remote.client   : [05fc99a2-8758-455b-afe1-67dd4a2f72ba_config-0] Receive server push request, request = ClientDetectionRequest, requestId = 2250
20:24:31:981  INFO 35498 --- [nacos-grpc-client-executor-32322] com.alibaba.nacos.common.remote.client   : [05fc99a2-8758-455b-afe1-67dd4a2f72ba_config-0] Ack server push request, request = ClientDetectionRequest, requestId = 2250
20:24:31:978  INFO 35498 --- [nacos-grpc-client-executor-32503] com.alibaba.nacos.common.remote.client   : [016d1418-ac63-4258-9e58-fe6dfffbf6a4] Receive server push request, request = ClientDetectionRequest, requestId = 2245
20:24:31:981  INFO 35498 --- [nacos-grpc-client-executor-32503] com.alibaba.nacos.common.remote.client   : [016d1418-ac63-4258-9e58-fe6dfffbf6a4] Ack server push request, request = ClientDetectionRequest, requestId = 2245
20:54:42:789  INFO 35498 --- [nacos-grpc-client-executor-32874] com.alibaba.nacos.common.remote.client   : [016d1418-ac63-4258-9e58-fe6dfffbf6a4] Receive server push request, request = ClientDetectionRequest, requestId = 2254
20:54:42:792  INFO 35498 --- [nacos-grpc-client-executor-32874] com.alibaba.nacos.common.remote.client   : [016d1418-ac63-4258-9e58-fe6dfffbf6a4] Ack server push request, request = ClientDetectionRequest, requestId = 2254
21:20:11:873  INFO 35498 --- [nacos-grpc-client-executor-33006] com.alibaba.nacos.common.remote.client   : [05fc99a2-8758-455b-afe1-67dd4a2f72ba_config-0] Receive server push request, request = ClientDetectionRequest, requestId = 2262
21:20:11:875  INFO 35498 --- [nacos-grpc-client-executor-33006] com.alibaba.nacos.common.remote.client   : [05fc99a2-8758-455b-afe1-67dd4a2f72ba_config-0] Ack server push request, request = ClientDetectionRequest, requestId = 2262
