00:53:11:522  INFO 33690 --- [nacos-grpc-client-executor-51482] com.alibaba.nacos.common.remote.client   : [ad881a90-2e87-4698-a182-61118a01bd7d_config-0] Receive server push request, request = ClientDetectionRequest, requestId = 3145
00:53:11:522  INFO 33690 --- [nacos-grpc-client-executor-53965] com.alibaba.nacos.common.remote.client   : [8708ad0e-f408-43b8-b9c3-6cdae281e781] Receive server push request, request = ClientDetectionRequest, requestId = 3144
00:53:11:546  INFO 33690 --- [nacos-grpc-client-executor-53965] com.alibaba.nacos.common.remote.client   : [8708ad0e-f408-43b8-b9c3-6cdae281e781] Ack server push request, request = ClientDetectionRequest, requestId = 3144
00:53:11:546  INFO 33690 --- [nacos-grpc-client-executor-51482] com.alibaba.nacos.common.remote.client   : [ad881a90-2e87-4698-a182-61118a01bd7d_config-0] Ack server push request, request = ClientDetectionRequest, requestId = 3145
01:00:41:518  INFO 33690 --- [nacos-grpc-client-executor-53979] com.alibaba.nacos.common.remote.client   : [8708ad0e-f408-43b8-b9c3-6cdae281e781] Receive server push request, request = ClientDetectionRequest, requestId = 3147
01:00:41:521  INFO 33690 --- [nacos-grpc-client-executor-53979] com.alibaba.nacos.common.remote.client   : [8708ad0e-f408-43b8-b9c3-6cdae281e781] Ack server push request, request = ClientDetectionRequest, requestId = 3147
01:00:41:520  INFO 33690 --- [nacos-grpc-client-executor-51495] com.alibaba.nacos.common.remote.client   : [ad881a90-2e87-4698-a182-61118a01bd7d_config-0] Receive server push request, request = ClientDetectionRequest, requestId = 3149
01:00:41:521  INFO 33690 --- [nacos-grpc-client-executor-51495] com.alibaba.nacos.common.remote.client   : [ad881a90-2e87-4698-a182-61118a01bd7d_config-0] Ack server push request, request = ClientDetectionRequest, requestId = 3149
01:11:27:388  INFO 33690 --- [nacos-grpc-client-executor-51508] com.alibaba.nacos.common.remote.client   : [ad881a90-2e87-4698-a182-61118a01bd7d_config-0] Receive server push request, request = ClientDetectionRequest, requestId = 3156
01:11:27:389  INFO 33690 --- [nacos-grpc-client-executor-51508] com.alibaba.nacos.common.remote.client   : [ad881a90-2e87-4698-a182-61118a01bd7d_config-0] Ack server push request, request = ClientDetectionRequest, requestId = 3156
01:11:27:393  INFO 33690 --- [nacos-grpc-client-executor-53992] com.alibaba.nacos.common.remote.client   : [8708ad0e-f408-43b8-b9c3-6cdae281e781] Receive server push request, request = ClientDetectionRequest, requestId = 3154
01:11:27:393  INFO 33690 --- [nacos-grpc-client-executor-53992] com.alibaba.nacos.common.remote.client   : [8708ad0e-f408-43b8-b9c3-6cdae281e781] Ack server push request, request = ClientDetectionRequest, requestId = 3154
01:19:31:481  INFO 33690 --- [nacos-grpc-client-executor-54037] com.alibaba.nacos.common.remote.client   : [8708ad0e-f408-43b8-b9c3-6cdae281e781] Receive server push request, request = ClientDetectionRequest, requestId = 3161
01:19:31:488  INFO 33690 --- [nacos-grpc-client-executor-54037] com.alibaba.nacos.common.remote.client   : [8708ad0e-f408-43b8-b9c3-6cdae281e781] Ack server push request, request = ClientDetectionRequest, requestId = 3161
01:19:31:481  INFO 33690 --- [nacos-grpc-client-executor-51547] com.alibaba.nacos.common.remote.client   : [ad881a90-2e87-4698-a182-61118a01bd7d_config-0] Receive server push request, request = ClientDetectionRequest, requestId = 3163
01:19:31:494  INFO 33690 --- [nacos-grpc-client-executor-51547] com.alibaba.nacos.common.remote.client   : [ad881a90-2e87-4698-a182-61118a01bd7d_config-0] Ack server push request, request = ClientDetectionRequest, requestId = 3163
01:33:54:142  INFO 33690 --- [nacos-grpc-client-executor-51712] com.alibaba.nacos.common.remote.client   : [ad881a90-2e87-4698-a182-61118a01bd7d_config-0] Receive server push request, request = ClientDetectionRequest, requestId = 3169
01:33:54:144  INFO 33690 --- [nacos-grpc-client-executor-51712] com.alibaba.nacos.common.remote.client   : [ad881a90-2e87-4698-a182-61118a01bd7d_config-0] Ack server push request, request = ClientDetectionRequest, requestId = 3169
01:39:52:759  INFO 33690 --- [nacos-grpc-client-executor-51725] com.alibaba.nacos.common.remote.client   : [ad881a90-2e87-4698-a182-61118a01bd7d_config-0] Receive server push request, request = ClientDetectionRequest, requestId = 3177
01:39:52:760  INFO 33690 --- [nacos-grpc-client-executor-51725] com.alibaba.nacos.common.remote.client   : [ad881a90-2e87-4698-a182-61118a01bd7d_config-0] Ack server push request, request = ClientDetectionRequest, requestId = 3177
02:05:54:310  INFO 33690 --- [nacos-grpc-client-executor-54247] com.alibaba.nacos.common.remote.client   : [8708ad0e-f408-43b8-b9c3-6cdae281e781] Receive server push request, request = ClientDetectionRequest, requestId = 3182
02:05:54:311  INFO 33690 --- [nacos-grpc-client-executor-54247] com.alibaba.nacos.common.remote.client   : [8708ad0e-f408-43b8-b9c3-6cdae281e781] Ack server push request, request = ClientDetectionRequest, requestId = 3182
02:05:54:320  INFO 33690 --- [nacos-grpc-client-executor-51736] com.alibaba.nacos.common.remote.client   : [ad881a90-2e87-4698-a182-61118a01bd7d_config-0] Receive server push request, request = ClientDetectionRequest, requestId = 3186
02:05:54:321  INFO 33690 --- [nacos-grpc-client-executor-51736] com.alibaba.nacos.common.remote.client   : [ad881a90-2e87-4698-a182-61118a01bd7d_config-0] Ack server push request, request = ClientDetectionRequest, requestId = 3186
02:22:02:270  INFO 33690 --- [nacos-grpc-client-executor-54262] com.alibaba.nacos.common.remote.client   : [8708ad0e-f408-43b8-b9c3-6cdae281e781] Receive server push request, request = ClientDetectionRequest, requestId = 3191
02:22:02:272  INFO 33690 --- [nacos-grpc-client-executor-54262] com.alibaba.nacos.common.remote.client   : [8708ad0e-f408-43b8-b9c3-6cdae281e781] Ack server push request, request = ClientDetectionRequest, requestId = 3191
02:22:02:272  INFO 33690 --- [nacos-grpc-client-executor-51748] com.alibaba.nacos.common.remote.client   : [ad881a90-2e87-4698-a182-61118a01bd7d_config-0] Receive server push request, request = ClientDetectionRequest, requestId = 3194
02:22:02:272  INFO 33690 --- [nacos-grpc-client-executor-51748] com.alibaba.nacos.common.remote.client   : [ad881a90-2e87-4698-a182-61118a01bd7d_config-0] Ack server push request, request = ClientDetectionRequest, requestId = 3194
02:26:12:684  INFO 33690 --- [nacos-grpc-client-executor-51760] com.alibaba.nacos.common.remote.client   : [ad881a90-2e87-4698-a182-61118a01bd7d_config-0] Receive server push request, request = ClientDetectionRequest, requestId = 3202
02:26:12:684  INFO 33690 --- [nacos-grpc-client-executor-54278] com.alibaba.nacos.common.remote.client   : [8708ad0e-f408-43b8-b9c3-6cdae281e781] Receive server push request, request = ClientDetectionRequest, requestId = 3199
02:26:12:685  INFO 33690 --- [nacos-grpc-client-executor-51760] com.alibaba.nacos.common.remote.client   : [ad881a90-2e87-4698-a182-61118a01bd7d_config-0] Ack server push request, request = ClientDetectionRequest, requestId = 3202
02:26:12:685  INFO 33690 --- [nacos-grpc-client-executor-54278] com.alibaba.nacos.common.remote.client   : [8708ad0e-f408-43b8-b9c3-6cdae281e781] Ack server push request, request = ClientDetectionRequest, requestId = 3199
02:42:32:979  INFO 33690 --- [nacos-grpc-client-executor-51772] com.alibaba.nacos.common.remote.client   : [ad881a90-2e87-4698-a182-61118a01bd7d_config-0] Receive server push request, request = ClientDetectionRequest, requestId = 3210
02:42:32:980  INFO 33690 --- [nacos-grpc-client-executor-54296] com.alibaba.nacos.common.remote.client   : [8708ad0e-f408-43b8-b9c3-6cdae281e781] Receive server push request, request = ClientDetectionRequest, requestId = 3207
02:42:32:983  INFO 33690 --- [nacos-grpc-client-executor-54296] com.alibaba.nacos.common.remote.client   : [8708ad0e-f408-43b8-b9c3-6cdae281e781] Ack server push request, request = ClientDetectionRequest, requestId = 3207
02:42:32:982  INFO 33690 --- [nacos-grpc-client-executor-51772] com.alibaba.nacos.common.remote.client   : [ad881a90-2e87-4698-a182-61118a01bd7d_config-0] Ack server push request, request = ClientDetectionRequest, requestId = 3210
03:01:46:621  INFO 33690 --- [nacos-grpc-client-executor-54325] com.alibaba.nacos.common.remote.client   : [8708ad0e-f408-43b8-b9c3-6cdae281e781] Receive server push request, request = ClientDetectionRequest, requestId = 3215
03:01:46:623  INFO 33690 --- [nacos-grpc-client-executor-54325] com.alibaba.nacos.common.remote.client   : [8708ad0e-f408-43b8-b9c3-6cdae281e781] Ack server push request, request = ClientDetectionRequest, requestId = 3215
03:01:46:626  INFO 33690 --- [nacos-grpc-client-executor-51797] com.alibaba.nacos.common.remote.client   : [ad881a90-2e87-4698-a182-61118a01bd7d_config-0] Receive server push request, request = ClientDetectionRequest, requestId = 3218
03:01:46:626  INFO 33690 --- [nacos-grpc-client-executor-51797] com.alibaba.nacos.common.remote.client   : [ad881a90-2e87-4698-a182-61118a01bd7d_config-0] Ack server push request, request = ClientDetectionRequest, requestId = 3218
03:18:55:273  INFO 33690 --- [nacos-grpc-client-executor-54417] com.alibaba.nacos.common.remote.client   : [8708ad0e-f408-43b8-b9c3-6cdae281e781] Receive server push request, request = ClientDetectionRequest, requestId = 3223
03:18:55:274  INFO 33690 --- [nacos-grpc-client-executor-54417] com.alibaba.nacos.common.remote.client   : [8708ad0e-f408-43b8-b9c3-6cdae281e781] Ack server push request, request = ClientDetectionRequest, requestId = 3223
03:18:55:275  INFO 33690 --- [nacos-grpc-client-executor-51872] com.alibaba.nacos.common.remote.client   : [ad881a90-2e87-4698-a182-61118a01bd7d_config-0] Receive server push request, request = ClientDetectionRequest, requestId = 3227
03:18:55:275  INFO 33690 --- [nacos-grpc-client-executor-51872] com.alibaba.nacos.common.remote.client   : [ad881a90-2e87-4698-a182-61118a01bd7d_config-0] Ack server push request, request = ClientDetectionRequest, requestId = 3227
03:26:21:601  INFO 33690 --- [nacos-grpc-client-executor-54477] com.alibaba.nacos.common.remote.client   : [8708ad0e-f408-43b8-b9c3-6cdae281e781] Receive server push request, request = ClientDetectionRequest, requestId = 3232
03:26:21:602  INFO 33690 --- [nacos-grpc-client-executor-54477] com.alibaba.nacos.common.remote.client   : [8708ad0e-f408-43b8-b9c3-6cdae281e781] Ack server push request, request = ClientDetectionRequest, requestId = 3232
03:26:21:606  INFO 33690 --- [nacos-grpc-client-executor-51923] com.alibaba.nacos.common.remote.client   : [ad881a90-2e87-4698-a182-61118a01bd7d_config-0] Receive server push request, request = ClientDetectionRequest, requestId = 3235
03:26:21:606  INFO 33690 --- [nacos-grpc-client-executor-51923] com.alibaba.nacos.common.remote.client   : [ad881a90-2e87-4698-a182-61118a01bd7d_config-0] Ack server push request, request = ClientDetectionRequest, requestId = 3235
03:31:58:972  INFO 33690 --- [nacos-grpc-client-executor-54507] com.alibaba.nacos.common.remote.client   : [8708ad0e-f408-43b8-b9c3-6cdae281e781] Receive server push request, request = ClientDetectionRequest, requestId = 3238
03:31:58:973  INFO 33690 --- [nacos-grpc-client-executor-54507] com.alibaba.nacos.common.remote.client   : [8708ad0e-f408-43b8-b9c3-6cdae281e781] Ack server push request, request = ClientDetectionRequest, requestId = 3238
03:31:58:980  INFO 33690 --- [nacos-grpc-client-executor-51948] com.alibaba.nacos.common.remote.client   : [ad881a90-2e87-4698-a182-61118a01bd7d_config-0] Receive server push request, request = ClientDetectionRequest, requestId = 3241
03:31:58:980  INFO 33690 --- [nacos-grpc-client-executor-51948] com.alibaba.nacos.common.remote.client   : [ad881a90-2e87-4698-a182-61118a01bd7d_config-0] Ack server push request, request = ClientDetectionRequest, requestId = 3241
03:51:42:029  INFO 33690 --- [nacos-grpc-client-executor-54553] com.alibaba.nacos.common.remote.client   : [8708ad0e-f408-43b8-b9c3-6cdae281e781] Receive server push request, request = ClientDetectionRequest, requestId = 3244
03:51:42:030  INFO 33690 --- [nacos-grpc-client-executor-54553] com.alibaba.nacos.common.remote.client   : [8708ad0e-f408-43b8-b9c3-6cdae281e781] Ack server push request, request = ClientDetectionRequest, requestId = 3244
03:51:42:040  INFO 33690 --- [nacos-grpc-client-executor-51987] com.alibaba.nacos.common.remote.client   : [ad881a90-2e87-4698-a182-61118a01bd7d_config-0] Receive server push request, request = ClientDetectionRequest, requestId = 3248
03:51:42:040  INFO 33690 --- [nacos-grpc-client-executor-51987] com.alibaba.nacos.common.remote.client   : [ad881a90-2e87-4698-a182-61118a01bd7d_config-0] Ack server push request, request = ClientDetectionRequest, requestId = 3248
04:09:00:187  INFO 33690 --- [nacos-grpc-client-executor-54580] com.alibaba.nacos.common.remote.client   : [8708ad0e-f408-43b8-b9c3-6cdae281e781] Receive server push request, request = ClientDetectionRequest, requestId = 3254
04:09:00:189  INFO 33690 --- [nacos-grpc-client-executor-54580] com.alibaba.nacos.common.remote.client   : [8708ad0e-f408-43b8-b9c3-6cdae281e781] Ack server push request, request = ClientDetectionRequest, requestId = 3254
04:09:00:212  INFO 33690 --- [nacos-grpc-client-executor-52011] com.alibaba.nacos.common.remote.client   : [ad881a90-2e87-4698-a182-61118a01bd7d_config-0] Receive server push request, request = ClientDetectionRequest, requestId = 3258
04:09:00:213  INFO 33690 --- [nacos-grpc-client-executor-52011] com.alibaba.nacos.common.remote.client   : [ad881a90-2e87-4698-a182-61118a01bd7d_config-0] Ack server push request, request = ClientDetectionRequest, requestId = 3258
04:25:58:686  INFO 33690 --- [nacos-grpc-client-executor-54612] com.alibaba.nacos.common.remote.client   : [8708ad0e-f408-43b8-b9c3-6cdae281e781] Receive server push request, request = ClientDetectionRequest, requestId = 3263
04:25:58:688  INFO 33690 --- [nacos-grpc-client-executor-54612] com.alibaba.nacos.common.remote.client   : [8708ad0e-f408-43b8-b9c3-6cdae281e781] Ack server push request, request = ClientDetectionRequest, requestId = 3263
04:25:58:699  INFO 33690 --- [nacos-grpc-client-executor-52035] com.alibaba.nacos.common.remote.client   : [ad881a90-2e87-4698-a182-61118a01bd7d_config-0] Receive server push request, request = ClientDetectionRequest, requestId = 3267
04:25:58:699  INFO 33690 --- [nacos-grpc-client-executor-52035] com.alibaba.nacos.common.remote.client   : [ad881a90-2e87-4698-a182-61118a01bd7d_config-0] Ack server push request, request = ClientDetectionRequest, requestId = 3267
04:33:49:573  INFO 33690 --- [nacos-grpc-client-executor-54653] com.alibaba.nacos.common.remote.client   : [8708ad0e-f408-43b8-b9c3-6cdae281e781] Receive server push request, request = ClientDetectionRequest, requestId = 3271
04:33:49:578  INFO 33690 --- [nacos-grpc-client-executor-54653] com.alibaba.nacos.common.remote.client   : [8708ad0e-f408-43b8-b9c3-6cdae281e781] Ack server push request, request = ClientDetectionRequest, requestId = 3271
04:52:48:555  INFO 33690 --- [nacos-grpc-client-executor-54709] com.alibaba.nacos.common.remote.client   : [8708ad0e-f408-43b8-b9c3-6cdae281e781] Receive server push request, request = NotifySubscriberRequest, requestId = 3283
04:52:48:573  INFO 33690 --- [nacos-grpc-client-executor-54709] com.alibaba.nacos.common.remote.client   : [8708ad0e-f408-43b8-b9c3-6cdae281e781] Ack server push request, request = NotifySubscriberRequest, requestId = 3283
04:52:49:761  INFO 33690 --- [nacos-grpc-client-executor-54710] com.alibaba.nacos.common.remote.client   : [8708ad0e-f408-43b8-b9c3-6cdae281e781] Receive server push request, request = NotifySubscriberRequest, requestId = 3284
04:52:49:766  INFO 33690 --- [nacos-grpc-client-executor-54710] com.alibaba.nacos.common.remote.client   : [8708ad0e-f408-43b8-b9c3-6cdae281e781] Ack server push request, request = NotifySubscriberRequest, requestId = 3284
05:42:01:418  INFO 33690 --- [nacos-grpc-client-executor-52328] com.alibaba.nacos.common.remote.client   : [ad881a90-2e87-4698-a182-61118a01bd7d_config-0] Receive server push request, request = ClientDetectionRequest, requestId = 3298
05:42:01:420  INFO 33690 --- [nacos-grpc-client-executor-52328] com.alibaba.nacos.common.remote.client   : [ad881a90-2e87-4698-a182-61118a01bd7d_config-0] Ack server push request, request = ClientDetectionRequest, requestId = 3298
05:42:01:418  INFO 33690 --- [nacos-grpc-client-executor-54962] com.alibaba.nacos.common.remote.client   : [8708ad0e-f408-43b8-b9c3-6cdae281e781] Receive server push request, request = ClientDetectionRequest, requestId = 3296
05:42:01:421  INFO 33690 --- [nacos-grpc-client-executor-54962] com.alibaba.nacos.common.remote.client   : [8708ad0e-f408-43b8-b9c3-6cdae281e781] Ack server push request, request = ClientDetectionRequest, requestId = 3296
05:56:30:929  INFO 33690 --- [nacos-grpc-client-executor-55006] com.alibaba.nacos.common.remote.client   : [8708ad0e-f408-43b8-b9c3-6cdae281e781] Receive server push request, request = ClientDetectionRequest, requestId = 3301
05:56:30:930  INFO 33690 --- [nacos-grpc-client-executor-55006] com.alibaba.nacos.common.remote.client   : [8708ad0e-f408-43b8-b9c3-6cdae281e781] Ack server push request, request = ClientDetectionRequest, requestId = 3301
05:56:30:932  INFO 33690 --- [nacos-grpc-client-executor-52366] com.alibaba.nacos.common.remote.client   : [ad881a90-2e87-4698-a182-61118a01bd7d_config-0] Receive server push request, request = ClientDetectionRequest, requestId = 3302
05:56:30:933  INFO 33690 --- [nacos-grpc-client-executor-52366] com.alibaba.nacos.common.remote.client   : [ad881a90-2e87-4698-a182-61118a01bd7d_config-0] Ack server push request, request = ClientDetectionRequest, requestId = 3302
06:07:47:579  INFO 33690 --- [nacos-grpc-client-executor-55039] com.alibaba.nacos.common.remote.client   : [8708ad0e-f408-43b8-b9c3-6cdae281e781] Receive server push request, request = ClientDetectionRequest, requestId = 3305
06:07:47:580  INFO 33690 --- [nacos-grpc-client-executor-55039] com.alibaba.nacos.common.remote.client   : [8708ad0e-f408-43b8-b9c3-6cdae281e781] Ack server push request, request = ClientDetectionRequest, requestId = 3305
06:07:47:588  INFO 33690 --- [nacos-grpc-client-executor-52390] com.alibaba.nacos.common.remote.client   : [ad881a90-2e87-4698-a182-61118a01bd7d_config-0] Receive server push request, request = ClientDetectionRequest, requestId = 3306
06:07:47:589  INFO 33690 --- [nacos-grpc-client-executor-52390] com.alibaba.nacos.common.remote.client   : [ad881a90-2e87-4698-a182-61118a01bd7d_config-0] Ack server push request, request = ClientDetectionRequest, requestId = 3306
06:13:26:309  INFO 33690 --- [nacos-grpc-client-executor-55068] com.alibaba.nacos.common.remote.client   : [8708ad0e-f408-43b8-b9c3-6cdae281e781] Receive server push request, request = ClientDetectionRequest, requestId = 3309
06:13:26:309  INFO 33690 --- [nacos-grpc-client-executor-52415] com.alibaba.nacos.common.remote.client   : [ad881a90-2e87-4698-a182-61118a01bd7d_config-0] Receive server push request, request = ClientDetectionRequest, requestId = 3313
06:13:26:310  INFO 33690 --- [nacos-grpc-client-executor-52415] com.alibaba.nacos.common.remote.client   : [ad881a90-2e87-4698-a182-61118a01bd7d_config-0] Ack server push request, request = ClientDetectionRequest, requestId = 3313
06:13:26:310  INFO 33690 --- [nacos-grpc-client-executor-55068] com.alibaba.nacos.common.remote.client   : [8708ad0e-f408-43b8-b9c3-6cdae281e781] Ack server push request, request = ClientDetectionRequest, requestId = 3309
06:33:11:627  INFO 33690 --- [nacos-grpc-client-executor-55113] com.alibaba.nacos.common.remote.client   : [8708ad0e-f408-43b8-b9c3-6cdae281e781] Receive server push request, request = ClientDetectionRequest, requestId = 3318
06:33:11:634  INFO 33690 --- [nacos-grpc-client-executor-55113] com.alibaba.nacos.common.remote.client   : [8708ad0e-f408-43b8-b9c3-6cdae281e781] Ack server push request, request = ClientDetectionRequest, requestId = 3318
06:33:11:635  INFO 33690 --- [nacos-grpc-client-executor-52452] com.alibaba.nacos.common.remote.client   : [ad881a90-2e87-4698-a182-61118a01bd7d_config-0] Receive server push request, request = ClientDetectionRequest, requestId = 3322
06:33:11:638  INFO 33690 --- [nacos-grpc-client-executor-52452] com.alibaba.nacos.common.remote.client   : [ad881a90-2e87-4698-a182-61118a01bd7d_config-0] Ack server push request, request = ClientDetectionRequest, requestId = 3322
06:33:11:655 ERROR 33690 --- [nacos-grpc-client-executor-55114] c.a.n.c.remote.client.grpc.GrpcClient    : [1747671072828_192.168.2.1_56848]Request stream onCompleted, switch server
06:33:11:657  INFO 33690 --- [com.alibaba.nacos.client.remote.worker] com.alibaba.nacos.common.remote.client   : [8708ad0e-f408-43b8-b9c3-6cdae281e781] Try to reconnect to a new server, server is  not appointed, will choose a random server.
06:33:11:811  INFO 33690 --- [com.alibaba.nacos.client.remote.worker] com.alibaba.nacos.common.remote.client   : [8708ad0e-f408-43b8-b9c3-6cdae281e781] Success to connect a server [192.168.2.132:8848], connectionId = 1747866791692_192.168.2.1_62229
06:33:11:811  INFO 33690 --- [com.alibaba.nacos.client.remote.worker] com.alibaba.nacos.common.remote.client   : [8708ad0e-f408-43b8-b9c3-6cdae281e781] Abandon prev connection, server is 192.168.2.132:8848, connectionId is 1747671072828_192.168.2.1_56848
06:33:11:811  INFO 33690 --- [com.alibaba.nacos.client.remote.worker] com.alibaba.nacos.common.remote.client   : Close current connection 1747671072828_192.168.2.1_56848
06:33:11:812  INFO 33690 --- [com.alibaba.nacos.client.remote.worker] com.alibaba.nacos.common.remote.client   : [8708ad0e-f408-43b8-b9c3-6cdae281e781] Notify disconnected event to listeners
06:33:11:813  INFO 33690 --- [com.alibaba.nacos.client.remote.worker] com.alibaba.nacos.common.remote.client   : [8708ad0e-f408-43b8-b9c3-6cdae281e781] Notify connected event to listeners.
06:33:13:367  INFO 33690 --- [nacos-grpc-client-executor-55123] com.alibaba.nacos.common.remote.client   : [8708ad0e-f408-43b8-b9c3-6cdae281e781] Receive server push request, request = NotifySubscriberRequest, requestId = 3327
06:33:13:368  INFO 33690 --- [nacos-grpc-client-executor-55123] com.alibaba.nacos.common.remote.client   : [8708ad0e-f408-43b8-b9c3-6cdae281e781] Ack server push request, request = NotifySubscriberRequest, requestId = 3327
06:33:13:373  INFO 33690 --- [nacos-grpc-client-executor-55124] com.alibaba.nacos.common.remote.client   : [8708ad0e-f408-43b8-b9c3-6cdae281e781] Receive server push request, request = NotifySubscriberRequest, requestId = 3328
06:33:13:373  INFO 33690 --- [nacos-grpc-client-executor-55124] com.alibaba.nacos.common.remote.client   : [8708ad0e-f408-43b8-b9c3-6cdae281e781] Ack server push request, request = NotifySubscriberRequest, requestId = 3328
06:33:13:467  INFO 33690 --- [nacos-grpc-client-executor-55125] com.alibaba.nacos.common.remote.client   : [8708ad0e-f408-43b8-b9c3-6cdae281e781] Receive server push request, request = NotifySubscriberRequest, requestId = 3329
06:33:13:468  INFO 33690 --- [nacos-grpc-client-executor-55125] com.alibaba.nacos.common.remote.client   : [8708ad0e-f408-43b8-b9c3-6cdae281e781] Ack server push request, request = NotifySubscriberRequest, requestId = 3329
06:33:13:469  INFO 33690 --- [nacos-grpc-client-executor-55126] com.alibaba.nacos.common.remote.client   : [8708ad0e-f408-43b8-b9c3-6cdae281e781] Receive server push request, request = NotifySubscriberRequest, requestId = 3331
06:33:13:470  INFO 33690 --- [nacos-grpc-client-executor-55126] com.alibaba.nacos.common.remote.client   : [8708ad0e-f408-43b8-b9c3-6cdae281e781] Ack server push request, request = NotifySubscriberRequest, requestId = 3331
06:50:12:483  INFO 33690 --- [nacos-grpc-client-executor-55154] com.alibaba.nacos.common.remote.client   : [8708ad0e-f408-43b8-b9c3-6cdae281e781] Receive server push request, request = ClientDetectionRequest, requestId = 3336
06:50:12:485  INFO 33690 --- [nacos-grpc-client-executor-55154] com.alibaba.nacos.common.remote.client   : [8708ad0e-f408-43b8-b9c3-6cdae281e781] Ack server push request, request = ClientDetectionRequest, requestId = 3336
07:06:52:776  INFO 33690 --- [nacos-grpc-client-executor-52502] com.alibaba.nacos.common.remote.client   : [ad881a90-2e87-4698-a182-61118a01bd7d_config-0] Receive server push request, request = ClientDetectionRequest, requestId = 3342
07:06:52:779  INFO 33690 --- [nacos-grpc-client-executor-52502] com.alibaba.nacos.common.remote.client   : [ad881a90-2e87-4698-a182-61118a01bd7d_config-0] Ack server push request, request = ClientDetectionRequest, requestId = 3342
07:06:52:778  INFO 33690 --- [nacos-grpc-client-executor-55180] com.alibaba.nacos.common.remote.client   : [8708ad0e-f408-43b8-b9c3-6cdae281e781] Receive server push request, request = ClientDetectionRequest, requestId = 3344
07:06:52:779  INFO 33690 --- [nacos-grpc-client-executor-55180] com.alibaba.nacos.common.remote.client   : [8708ad0e-f408-43b8-b9c3-6cdae281e781] Ack server push request, request = ClientDetectionRequest, requestId = 3344
07:12:51:232  INFO 33690 --- [nacos-grpc-client-executor-52538] com.alibaba.nacos.common.remote.client   : [ad881a90-2e87-4698-a182-61118a01bd7d_config-0] Receive server push request, request = ClientDetectionRequest, requestId = 3351
07:12:51:234  INFO 33690 --- [nacos-grpc-client-executor-52538] com.alibaba.nacos.common.remote.client   : [ad881a90-2e87-4698-a182-61118a01bd7d_config-0] Ack server push request, request = ClientDetectionRequest, requestId = 3351
07:12:51:252  INFO 33690 --- [nacos-grpc-client-executor-55224] com.alibaba.nacos.common.remote.client   : [8708ad0e-f408-43b8-b9c3-6cdae281e781] Receive server push request, request = ClientDetectionRequest, requestId = 3353
07:12:51:252  INFO 33690 --- [nacos-grpc-client-executor-55224] com.alibaba.nacos.common.remote.client   : [8708ad0e-f408-43b8-b9c3-6cdae281e781] Ack server push request, request = ClientDetectionRequest, requestId = 3353
07:31:28:494  INFO 33690 --- [nacos-grpc-client-executor-52563] com.alibaba.nacos.common.remote.client   : [ad881a90-2e87-4698-a182-61118a01bd7d_config-0] Receive server push request, request = ClientDetectionRequest, requestId = 3359
07:31:28:496  INFO 33690 --- [nacos-grpc-client-executor-52563] com.alibaba.nacos.common.remote.client   : [ad881a90-2e87-4698-a182-61118a01bd7d_config-0] Ack server push request, request = ClientDetectionRequest, requestId = 3359
07:31:28:501  INFO 33690 --- [nacos-grpc-client-executor-55253] com.alibaba.nacos.common.remote.client   : [8708ad0e-f408-43b8-b9c3-6cdae281e781] Receive server push request, request = ClientDetectionRequest, requestId = 3361
07:31:28:501  INFO 33690 --- [nacos-grpc-client-executor-55253] com.alibaba.nacos.common.remote.client   : [8708ad0e-f408-43b8-b9c3-6cdae281e781] Ack server push request, request = ClientDetectionRequest, requestId = 3361
07:42:08:766  INFO 33690 --- [nacos-grpc-client-executor-52625] com.alibaba.nacos.common.remote.client   : [ad881a90-2e87-4698-a182-61118a01bd7d_config-0] Receive server push request, request = ClientDetectionRequest, requestId = 3367
07:42:08:769  INFO 33690 --- [nacos-grpc-client-executor-52625] com.alibaba.nacos.common.remote.client   : [ad881a90-2e87-4698-a182-61118a01bd7d_config-0] Ack server push request, request = ClientDetectionRequest, requestId = 3367
07:42:08:767  INFO 33690 --- [nacos-grpc-client-executor-55330] com.alibaba.nacos.common.remote.client   : [8708ad0e-f408-43b8-b9c3-6cdae281e781] Receive server push request, request = ClientDetectionRequest, requestId = 3368
07:42:08:770  INFO 33690 --- [nacos-grpc-client-executor-55330] com.alibaba.nacos.common.remote.client   : [8708ad0e-f408-43b8-b9c3-6cdae281e781] Ack server push request, request = ClientDetectionRequest, requestId = 3368
08:42:28:773  INFO 33690 --- [nacos-grpc-client-executor-56116] com.alibaba.nacos.common.remote.client   : [8708ad0e-f408-43b8-b9c3-6cdae281e781] Receive server push request, request = ClientDetectionRequest, requestId = 3378
08:42:28:773  INFO 33690 --- [nacos-grpc-client-executor-53267] com.alibaba.nacos.common.remote.client   : [ad881a90-2e87-4698-a182-61118a01bd7d_config-0] Receive server push request, request = ClientDetectionRequest, requestId = 3377
08:42:28:779  INFO 33690 --- [nacos-grpc-client-executor-56116] com.alibaba.nacos.common.remote.client   : [8708ad0e-f408-43b8-b9c3-6cdae281e781] Ack server push request, request = ClientDetectionRequest, requestId = 3378
08:42:28:780  INFO 33690 --- [nacos-grpc-client-executor-53267] com.alibaba.nacos.common.remote.client   : [ad881a90-2e87-4698-a182-61118a01bd7d_config-0] Ack server push request, request = ClientDetectionRequest, requestId = 3377
09:05:34:515  INFO 33690 --- [nacos-grpc-client-executor-53281] com.alibaba.nacos.common.remote.client   : [ad881a90-2e87-4698-a182-61118a01bd7d_config-0] Receive server push request, request = ClientDetectionRequest, requestId = 3385
09:05:34:517  INFO 33690 --- [nacos-grpc-client-executor-53281] com.alibaba.nacos.common.remote.client   : [ad881a90-2e87-4698-a182-61118a01bd7d_config-0] Ack server push request, request = ClientDetectionRequest, requestId = 3385
09:05:34:518  INFO 33690 --- [nacos-grpc-client-executor-56131] com.alibaba.nacos.common.remote.client   : [8708ad0e-f408-43b8-b9c3-6cdae281e781] Receive server push request, request = ClientDetectionRequest, requestId = 3387
09:05:34:519  INFO 33690 --- [nacos-grpc-client-executor-56131] com.alibaba.nacos.common.remote.client   : [8708ad0e-f408-43b8-b9c3-6cdae281e781] Ack server push request, request = ClientDetectionRequest, requestId = 3387
09:12:48:999  INFO 33690 --- [nacos-grpc-client-executor-53293] com.alibaba.nacos.common.remote.client   : [ad881a90-2e87-4698-a182-61118a01bd7d_config-0] Receive server push request, request = ClientDetectionRequest, requestId = 3395
09:12:48:999  INFO 33690 --- [nacos-grpc-client-executor-56149] com.alibaba.nacos.common.remote.client   : [8708ad0e-f408-43b8-b9c3-6cdae281e781] Receive server push request, request = ClientDetectionRequest, requestId = 3397
09:12:49:000  INFO 33690 --- [nacos-grpc-client-executor-56149] com.alibaba.nacos.common.remote.client   : [8708ad0e-f408-43b8-b9c3-6cdae281e781] Ack server push request, request = ClientDetectionRequest, requestId = 3397
09:12:49:000  INFO 33690 --- [nacos-grpc-client-executor-53293] com.alibaba.nacos.common.remote.client   : [ad881a90-2e87-4698-a182-61118a01bd7d_config-0] Ack server push request, request = ClientDetectionRequest, requestId = 3395
09:39:37:381  INFO 33690 --- [nacos-grpc-client-executor-53306] com.alibaba.nacos.common.remote.client   : [ad881a90-2e87-4698-a182-61118a01bd7d_config-0] Receive server push request, request = ClientDetectionRequest, requestId = 3404
09:39:37:381  INFO 33690 --- [nacos-grpc-client-executor-56167] com.alibaba.nacos.common.remote.client   : [8708ad0e-f408-43b8-b9c3-6cdae281e781] Receive server push request, request = ClientDetectionRequest, requestId = 3406
09:39:37:383  INFO 33690 --- [nacos-grpc-client-executor-56167] com.alibaba.nacos.common.remote.client   : [8708ad0e-f408-43b8-b9c3-6cdae281e781] Ack server push request, request = ClientDetectionRequest, requestId = 3406
09:39:37:383  INFO 33690 --- [nacos-grpc-client-executor-53306] com.alibaba.nacos.common.remote.client   : [ad881a90-2e87-4698-a182-61118a01bd7d_config-0] Ack server push request, request = ClientDetectionRequest, requestId = 3404
09:39:37:916  INFO 33690 --- [nacos-grpc-client-executor-56168] com.alibaba.nacos.common.remote.client   : [8708ad0e-f408-43b8-b9c3-6cdae281e781] Receive server push request, request = NotifySubscriberRequest, requestId = 3410
09:39:37:942  INFO 33690 --- [nacos-grpc-client-executor-56168] com.alibaba.nacos.common.remote.client   : [8708ad0e-f408-43b8-b9c3-6cdae281e781] Ack server push request, request = NotifySubscriberRequest, requestId = 3410
09:44:48:316  INFO 33690 --- [nacos-grpc-client-executor-56169] com.alibaba.nacos.common.remote.client   : [8708ad0e-f408-43b8-b9c3-6cdae281e781] Receive server push request, request = NotifySubscriberRequest, requestId = 3414
09:44:48:323  INFO 33690 --- [nacos-grpc-client-executor-56169] com.alibaba.nacos.common.remote.client   : [8708ad0e-f408-43b8-b9c3-6cdae281e781] Ack server push request, request = NotifySubscriberRequest, requestId = 3414
09:55:29:711  INFO 33690 --- [nacos-grpc-client-executor-53319] com.alibaba.nacos.common.remote.client   : [ad881a90-2e87-4698-a182-61118a01bd7d_config-0] Receive server push request, request = ClientDetectionRequest, requestId = 3421
09:55:29:711  INFO 33690 --- [nacos-grpc-client-executor-56183] com.alibaba.nacos.common.remote.client   : [8708ad0e-f408-43b8-b9c3-6cdae281e781] Receive server push request, request = ClientDetectionRequest, requestId = 3423
09:55:29:713  INFO 33690 --- [nacos-grpc-client-executor-53319] com.alibaba.nacos.common.remote.client   : [ad881a90-2e87-4698-a182-61118a01bd7d_config-0] Ack server push request, request = ClientDetectionRequest, requestId = 3421
09:55:29:713  INFO 33690 --- [nacos-grpc-client-executor-56183] com.alibaba.nacos.common.remote.client   : [8708ad0e-f408-43b8-b9c3-6cdae281e781] Ack server push request, request = ClientDetectionRequest, requestId = 3423
11:43:48:152  INFO 33690 --- [nacos-grpc-client-executor-53349] com.alibaba.nacos.common.remote.client   : [ad881a90-2e87-4698-a182-61118a01bd7d_config-0] Receive server push request, request = ClientDetectionRequest, requestId = 3433
11:43:48:155  INFO 33690 --- [nacos-grpc-client-executor-53349] com.alibaba.nacos.common.remote.client   : [ad881a90-2e87-4698-a182-61118a01bd7d_config-0] Ack server push request, request = ClientDetectionRequest, requestId = 3433
13:27:33:069  INFO 33690 --- [nacos-grpc-client-executor-56258] com.alibaba.nacos.common.remote.client   : [8708ad0e-f408-43b8-b9c3-6cdae281e781] Receive server push request, request = ClientDetectionRequest, requestId = 3448
13:27:33:070  INFO 33690 --- [nacos-grpc-client-executor-56258] com.alibaba.nacos.common.remote.client   : [8708ad0e-f408-43b8-b9c3-6cdae281e781] Ack server push request, request = ClientDetectionRequest, requestId = 3448
13:59:19:589  INFO 33690 --- [nacos-grpc-client-executor-56273] com.alibaba.nacos.common.remote.client   : [8708ad0e-f408-43b8-b9c3-6cdae281e781] Receive server push request, request = ClientDetectionRequest, requestId = 3457
13:59:19:594  INFO 33690 --- [nacos-grpc-client-executor-56273] com.alibaba.nacos.common.remote.client   : [8708ad0e-f408-43b8-b9c3-6cdae281e781] Ack server push request, request = ClientDetectionRequest, requestId = 3457
13:59:19:595  INFO 33690 --- [nacos-grpc-client-executor-53402] com.alibaba.nacos.common.remote.client   : [ad881a90-2e87-4698-a182-61118a01bd7d_config-0] Receive server push request, request = ClientDetectionRequest, requestId = 3456
13:59:19:599  INFO 33690 --- [nacos-grpc-client-executor-53402] com.alibaba.nacos.common.remote.client   : [ad881a90-2e87-4698-a182-61118a01bd7d_config-0] Ack server push request, request = ClientDetectionRequest, requestId = 3456
14:43:37:374  INFO 33690 --- [nacos-grpc-client-executor-56290] com.alibaba.nacos.common.remote.client   : [8708ad0e-f408-43b8-b9c3-6cdae281e781] Receive server push request, request = ClientDetectionRequest, requestId = 3466
14:43:37:374  INFO 33690 --- [nacos-grpc-client-executor-56290] com.alibaba.nacos.common.remote.client   : [8708ad0e-f408-43b8-b9c3-6cdae281e781] Ack server push request, request = ClientDetectionRequest, requestId = 3466
14:43:37:381  INFO 33690 --- [nacos-grpc-client-executor-53416] com.alibaba.nacos.common.remote.client   : [ad881a90-2e87-4698-a182-61118a01bd7d_config-0] Receive server push request, request = ClientDetectionRequest, requestId = 3465
14:43:37:381  INFO 33690 --- [nacos-grpc-client-executor-53416] com.alibaba.nacos.common.remote.client   : [ad881a90-2e87-4698-a182-61118a01bd7d_config-0] Ack server push request, request = ClientDetectionRequest, requestId = 3465
15:00:41:600  INFO 33690 --- [nacos-grpc-client-executor-56306] com.alibaba.nacos.common.remote.client   : [8708ad0e-f408-43b8-b9c3-6cdae281e781] Receive server push request, request = ClientDetectionRequest, requestId = 3475
15:00:41:608  INFO 33690 --- [nacos-grpc-client-executor-56306] com.alibaba.nacos.common.remote.client   : [8708ad0e-f408-43b8-b9c3-6cdae281e781] Ack server push request, request = ClientDetectionRequest, requestId = 3475
15:00:41:609  INFO 33690 --- [nacos-grpc-client-executor-53429] com.alibaba.nacos.common.remote.client   : [ad881a90-2e87-4698-a182-61118a01bd7d_config-0] Receive server push request, request = ClientDetectionRequest, requestId = 3474
15:00:41:609  INFO 33690 --- [nacos-grpc-client-executor-53429] com.alibaba.nacos.common.remote.client   : [ad881a90-2e87-4698-a182-61118a01bd7d_config-0] Ack server push request, request = ClientDetectionRequest, requestId = 3474
15:18:44:770  INFO 33690 --- [nacos-grpc-client-executor-53441] com.alibaba.nacos.common.remote.client   : [ad881a90-2e87-4698-a182-61118a01bd7d_config-0] Receive server push request, request = ClientDetectionRequest, requestId = 3483
15:18:44:769  INFO 33690 --- [nacos-grpc-client-executor-56323] com.alibaba.nacos.common.remote.client   : [8708ad0e-f408-43b8-b9c3-6cdae281e781] Receive server push request, request = ClientDetectionRequest, requestId = 3484
15:18:44:771  INFO 33690 --- [nacos-grpc-client-executor-53441] com.alibaba.nacos.common.remote.client   : [ad881a90-2e87-4698-a182-61118a01bd7d_config-0] Ack server push request, request = ClientDetectionRequest, requestId = 3483
15:18:44:771  INFO 33690 --- [nacos-grpc-client-executor-56323] com.alibaba.nacos.common.remote.client   : [8708ad0e-f408-43b8-b9c3-6cdae281e781] Ack server push request, request = ClientDetectionRequest, requestId = 3484
15:59:33:705  INFO 33690 --- [nacos-grpc-client-executor-53454] com.alibaba.nacos.common.remote.client   : [ad881a90-2e87-4698-a182-61118a01bd7d_config-0] Receive server push request, request = ClientDetectionRequest, requestId = 3492
15:59:33:705  INFO 33690 --- [nacos-grpc-client-executor-56337] com.alibaba.nacos.common.remote.client   : [8708ad0e-f408-43b8-b9c3-6cdae281e781] Receive server push request, request = ClientDetectionRequest, requestId = 3493
15:59:33:707  INFO 33690 --- [nacos-grpc-client-executor-56337] com.alibaba.nacos.common.remote.client   : [8708ad0e-f408-43b8-b9c3-6cdae281e781] Ack server push request, request = ClientDetectionRequest, requestId = 3493
15:59:33:707  INFO 33690 --- [nacos-grpc-client-executor-53454] com.alibaba.nacos.common.remote.client   : [ad881a90-2e87-4698-a182-61118a01bd7d_config-0] Ack server push request, request = ClientDetectionRequest, requestId = 3492
16:45:11:925  INFO 33690 --- [nacos-grpc-client-executor-56353] com.alibaba.nacos.common.remote.client   : [8708ad0e-f408-43b8-b9c3-6cdae281e781] Receive server push request, request = ClientDetectionRequest, requestId = 3500
16:45:11:932  INFO 33690 --- [nacos-grpc-client-executor-56353] com.alibaba.nacos.common.remote.client   : [8708ad0e-f408-43b8-b9c3-6cdae281e781] Ack server push request, request = ClientDetectionRequest, requestId = 3500
16:45:11:934  INFO 33690 --- [nacos-grpc-client-executor-53467] com.alibaba.nacos.common.remote.client   : [ad881a90-2e87-4698-a182-61118a01bd7d_config-0] Receive server push request, request = ClientDetectionRequest, requestId = 3499
16:45:11:934  INFO 33690 --- [nacos-grpc-client-executor-53467] com.alibaba.nacos.common.remote.client   : [ad881a90-2e87-4698-a182-61118a01bd7d_config-0] Ack server push request, request = ClientDetectionRequest, requestId = 3499
16:45:12:481  INFO 33690 --- [nacos-grpc-client-executor-56354] com.alibaba.nacos.common.remote.client   : [8708ad0e-f408-43b8-b9c3-6cdae281e781] Receive server push request, request = NotifySubscriberRequest, requestId = 3504
16:45:12:484  INFO 33690 --- [nacos-grpc-client-executor-56354] com.alibaba.nacos.common.remote.client   : [8708ad0e-f408-43b8-b9c3-6cdae281e781] Ack server push request, request = NotifySubscriberRequest, requestId = 3504
16:45:13:081  INFO 33690 --- [nacos-grpc-client-executor-56355] com.alibaba.nacos.common.remote.client   : [8708ad0e-f408-43b8-b9c3-6cdae281e781] Receive server push request, request = NotifySubscriberRequest, requestId = 3508
16:45:13:092  INFO 33690 --- [nacos-grpc-client-executor-56355] com.alibaba.nacos.common.remote.client   : [8708ad0e-f408-43b8-b9c3-6cdae281e781] Ack server push request, request = NotifySubscriberRequest, requestId = 3508
17:23:46:256  INFO 33690 --- [nacos-grpc-client-executor-56370] com.alibaba.nacos.common.remote.client   : [8708ad0e-f408-43b8-b9c3-6cdae281e781] Receive server push request, request = ClientDetectionRequest, requestId = 3515
17:23:46:257  INFO 33690 --- [nacos-grpc-client-executor-53479] com.alibaba.nacos.common.remote.client   : [ad881a90-2e87-4698-a182-61118a01bd7d_config-0] Receive server push request, request = ClientDetectionRequest, requestId = 3514
17:23:46:264  INFO 33690 --- [nacos-grpc-client-executor-56370] com.alibaba.nacos.common.remote.client   : [8708ad0e-f408-43b8-b9c3-6cdae281e781] Ack server push request, request = ClientDetectionRequest, requestId = 3515
17:23:46:264  INFO 33690 --- [nacos-grpc-client-executor-53479] com.alibaba.nacos.common.remote.client   : [ad881a90-2e87-4698-a182-61118a01bd7d_config-0] Ack server push request, request = ClientDetectionRequest, requestId = 3514
18:01:30:675  INFO 33690 --- [nacos-grpc-client-executor-56386] com.alibaba.nacos.common.remote.client   : [8708ad0e-f408-43b8-b9c3-6cdae281e781] Receive server push request, request = ClientDetectionRequest, requestId = 3522
18:01:30:675  INFO 33690 --- [nacos-grpc-client-executor-53493] com.alibaba.nacos.common.remote.client   : [ad881a90-2e87-4698-a182-61118a01bd7d_config-0] Receive server push request, request = ClientDetectionRequest, requestId = 3521
18:01:30:677  INFO 33690 --- [nacos-grpc-client-executor-53493] com.alibaba.nacos.common.remote.client   : [ad881a90-2e87-4698-a182-61118a01bd7d_config-0] Ack server push request, request = ClientDetectionRequest, requestId = 3521
18:01:30:677  INFO 33690 --- [nacos-grpc-client-executor-56386] com.alibaba.nacos.common.remote.client   : [8708ad0e-f408-43b8-b9c3-6cdae281e781] Ack server push request, request = ClientDetectionRequest, requestId = 3522
19:02:51:899  INFO 33690 --- [nacos-grpc-client-executor-53505] com.alibaba.nacos.common.remote.client   : [ad881a90-2e87-4698-a182-61118a01bd7d_config-0] Receive server push request, request = ClientDetectionRequest, requestId = 3528
19:02:51:904  INFO 33690 --- [nacos-grpc-client-executor-53505] com.alibaba.nacos.common.remote.client   : [ad881a90-2e87-4698-a182-61118a01bd7d_config-0] Ack server push request, request = ClientDetectionRequest, requestId = 3528
19:02:51:902  INFO 33690 --- [nacos-grpc-client-executor-56403] com.alibaba.nacos.common.remote.client   : [8708ad0e-f408-43b8-b9c3-6cdae281e781] Receive server push request, request = ClientDetectionRequest, requestId = 3529
19:02:51:905  INFO 33690 --- [nacos-grpc-client-executor-56403] com.alibaba.nacos.common.remote.client   : [8708ad0e-f408-43b8-b9c3-6cdae281e781] Ack server push request, request = ClientDetectionRequest, requestId = 3529
19:32:12:612  INFO 33690 --- [nacos-grpc-client-executor-53517] com.alibaba.nacos.common.remote.client   : [ad881a90-2e87-4698-a182-61118a01bd7d_config-0] Receive server push request, request = ClientDetectionRequest, requestId = 3534
19:32:12:614  INFO 33690 --- [nacos-grpc-client-executor-53517] com.alibaba.nacos.common.remote.client   : [ad881a90-2e87-4698-a182-61118a01bd7d_config-0] Ack server push request, request = ClientDetectionRequest, requestId = 3534
19:32:12:615  INFO 33690 --- [nacos-grpc-client-executor-56419] com.alibaba.nacos.common.remote.client   : [8708ad0e-f408-43b8-b9c3-6cdae281e781] Receive server push request, request = ClientDetectionRequest, requestId = 3535
19:32:12:615  INFO 33690 --- [nacos-grpc-client-executor-56419] com.alibaba.nacos.common.remote.client   : [8708ad0e-f408-43b8-b9c3-6cdae281e781] Ack server push request, request = ClientDetectionRequest, requestId = 3535
19:56:37:842  INFO 33690 --- [nacos-grpc-client-executor-53530] com.alibaba.nacos.common.remote.client   : [ad881a90-2e87-4698-a182-61118a01bd7d_config-0] Receive server push request, request = ClientDetectionRequest, requestId = 3541
19:56:37:842  INFO 33690 --- [nacos-grpc-client-executor-56437] com.alibaba.nacos.common.remote.client   : [8708ad0e-f408-43b8-b9c3-6cdae281e781] Receive server push request, request = ClientDetectionRequest, requestId = 3542
19:56:37:850  INFO 33690 --- [nacos-grpc-client-executor-56437] com.alibaba.nacos.common.remote.client   : [8708ad0e-f408-43b8-b9c3-6cdae281e781] Ack server push request, request = ClientDetectionRequest, requestId = 3542
19:56:37:850  INFO 33690 --- [nacos-grpc-client-executor-53530] com.alibaba.nacos.common.remote.client   : [ad881a90-2e87-4698-a182-61118a01bd7d_config-0] Ack server push request, request = ClientDetectionRequest, requestId = 3541
20:43:33:335  INFO 33690 --- [nacos-grpc-client-executor-53544] com.alibaba.nacos.common.remote.client   : [ad881a90-2e87-4698-a182-61118a01bd7d_config-0] Receive server push request, request = ClientDetectionRequest, requestId = 3548
20:43:33:342  INFO 33690 --- [nacos-grpc-client-executor-53544] com.alibaba.nacos.common.remote.client   : [ad881a90-2e87-4698-a182-61118a01bd7d_config-0] Ack server push request, request = ClientDetectionRequest, requestId = 3548
20:43:33:346  INFO 33690 --- [nacos-grpc-client-executor-56452] com.alibaba.nacos.common.remote.client   : [8708ad0e-f408-43b8-b9c3-6cdae281e781] Receive server push request, request = ClientDetectionRequest, requestId = 3549
20:43:33:347  INFO 33690 --- [nacos-grpc-client-executor-56452] com.alibaba.nacos.common.remote.client   : [8708ad0e-f408-43b8-b9c3-6cdae281e781] Ack server push request, request = ClientDetectionRequest, requestId = 3549
20:43:33:359 ERROR 33690 --- [nacos-grpc-client-executor-53545] c.a.n.c.remote.client.grpc.GrpcClient    : [1747784620162_192.168.2.1_51707]Request stream onCompleted, switch server
20:43:33:361  INFO 33690 --- [com.alibaba.nacos.client.remote.worker] com.alibaba.nacos.common.remote.client   : [ad881a90-2e87-4698-a182-61118a01bd7d_config-0] Try to reconnect to a new server, server is  not appointed, will choose a random server.
20:43:33:527  INFO 33690 --- [com.alibaba.nacos.client.remote.worker] com.alibaba.nacos.common.remote.client   : [ad881a90-2e87-4698-a182-61118a01bd7d_config-0] Success to connect a server [192.168.2.132:8848], connectionId = 1747917513182_192.168.2.1_65516
20:43:33:528  INFO 33690 --- [com.alibaba.nacos.client.remote.worker] com.alibaba.nacos.common.remote.client   : [ad881a90-2e87-4698-a182-61118a01bd7d_config-0] Abandon prev connection, server is 192.168.2.132:8848, connectionId is 1747784620162_192.168.2.1_51707
20:43:33:529  INFO 33690 --- [com.alibaba.nacos.client.remote.worker] com.alibaba.nacos.common.remote.client   : Close current connection 1747784620162_192.168.2.1_51707
20:43:33:532  INFO 33690 --- [com.alibaba.nacos.client.remote.worker] com.alibaba.nacos.common.remote.client   : [ad881a90-2e87-4698-a182-61118a01bd7d_config-0] Notify disconnected event to listeners
20:43:33:534  INFO 33690 --- [com.alibaba.nacos.client.remote.worker] com.alibaba.nacos.common.remote.client   : [ad881a90-2e87-4698-a182-61118a01bd7d_config-0] Notify connected event to listeners.
20:58:03:790  INFO 33690 --- [nacos-grpc-client-executor-56466] com.alibaba.nacos.common.remote.client   : [8708ad0e-f408-43b8-b9c3-6cdae281e781] Receive server push request, request = ClientDetectionRequest, requestId = 3556
20:58:03:790  INFO 33690 --- [nacos-grpc-client-executor-53562] com.alibaba.nacos.common.remote.client   : [ad881a90-2e87-4698-a182-61118a01bd7d_config-0] Receive server push request, request = ClientDetectionRequest, requestId = 3554
20:58:03:791  INFO 33690 --- [nacos-grpc-client-executor-56466] com.alibaba.nacos.common.remote.client   : [8708ad0e-f408-43b8-b9c3-6cdae281e781] Ack server push request, request = ClientDetectionRequest, requestId = 3556
20:58:03:791  INFO 33690 --- [nacos-grpc-client-executor-53562] com.alibaba.nacos.common.remote.client   : [ad881a90-2e87-4698-a182-61118a01bd7d_config-0] Ack server push request, request = ClientDetectionRequest, requestId = 3554
21:18:13:839  INFO 33690 --- [nacos-grpc-client-executor-53575] com.alibaba.nacos.common.remote.client   : [ad881a90-2e87-4698-a182-61118a01bd7d_config-0] Receive server push request, request = ClientDetectionRequest, requestId = 3562
21:18:13:840  INFO 33690 --- [nacos-grpc-client-executor-56482] com.alibaba.nacos.common.remote.client   : [8708ad0e-f408-43b8-b9c3-6cdae281e781] Receive server push request, request = ClientDetectionRequest, requestId = 3564
21:18:13:841  INFO 33690 --- [nacos-grpc-client-executor-56482] com.alibaba.nacos.common.remote.client   : [8708ad0e-f408-43b8-b9c3-6cdae281e781] Ack server push request, request = ClientDetectionRequest, requestId = 3564
21:18:13:841  INFO 33690 --- [nacos-grpc-client-executor-53575] com.alibaba.nacos.common.remote.client   : [ad881a90-2e87-4698-a182-61118a01bd7d_config-0] Ack server push request, request = ClientDetectionRequest, requestId = 3562
22:34:33:883  INFO 33690 --- [nacos-grpc-client-executor-57292] com.alibaba.nacos.common.remote.client   : [8708ad0e-f408-43b8-b9c3-6cdae281e781] Receive server push request, request = ClientDetectionRequest, requestId = 3569
22:34:33:888  INFO 33690 --- [nacos-grpc-client-executor-57292] com.alibaba.nacos.common.remote.client   : [8708ad0e-f408-43b8-b9c3-6cdae281e781] Ack server push request, request = ClientDetectionRequest, requestId = 3569
