00:07:42:123  WARN 23182 --- [HikariPool-1 housekeeper] com.zaxxer.hikari.pool.HikariPool        : HikariPool-1 - Thread starvation or clock leap detected (housekeeper delta=8m23s748ms).
00:23:13:608  WARN 23182 --- [HikariPool-1 housekeeper] com.zaxxer.hikari.pool.HikariPool        : HikariPool-1 - Thread starvation or clock leap detected (housekeeper delta=15m31s486ms).
00:29:40:314  WARN 23182 --- [HikariPool-1 housekeeper] com.zaxxer.hikari.pool.HikariPool        : HikariPool-1 - Thread starvation or clock leap detected (housekeeper delta=1m56s666ms).
00:29:47:808  INFO 23182 --- [nacos-grpc-client-executor-5277] com.alibaba.nacos.common.remote.client   : [37503bd2-1956-4ca2-9130-b7d19ed858a3] Receive server push request, request = ClientDetectionRequest, requestId = 763
00:29:47:809  INFO 23182 --- [nacos-grpc-client-executor-5277] com.alibaba.nacos.common.remote.client   : [37503bd2-1956-4ca2-9130-b7d19ed858a3] Ack server push request, request = ClientDetectionRequest, requestId = 763
01:36:23:631  WARN 23182 --- [HikariPool-1 housekeeper] com.zaxxer.hikari.pool.HikariPool        : HikariPool-1 - Thread starvation or clock leap detected (housekeeper delta=6m42s600ms).
01:52:03:748  WARN 23182 --- [HikariPool-1 housekeeper] com.zaxxer.hikari.pool.HikariPool        : HikariPool-1 - Thread starvation or clock leap detected (housekeeper delta=15m40s118ms).
01:52:12:483  INFO 23182 --- [nacos-grpc-client-executor-6020] com.alibaba.nacos.common.remote.client   : [37503bd2-1956-4ca2-9130-b7d19ed858a3] Receive server push request, request = ClientDetectionRequest, requestId = 771
01:52:12:484  INFO 23182 --- [nacos-grpc-client-executor-6020] com.alibaba.nacos.common.remote.client   : [37503bd2-1956-4ca2-9130-b7d19ed858a3] Ack server push request, request = ClientDetectionRequest, requestId = 771
02:18:35:150  WARN 23182 --- [HikariPool-1 housekeeper] com.zaxxer.hikari.pool.HikariPool        : HikariPool-1 - Thread starvation or clock leap detected (housekeeper delta=5m31s149ms).
02:19:11:301  INFO 23182 --- [nacos-grpc-client-executor-6294] com.alibaba.nacos.common.remote.client   : [37503bd2-1956-4ca2-9130-b7d19ed858a3] Receive server push request, request = ClientDetectionRequest, requestId = 776
02:19:11:302  INFO 23182 --- [nacos-grpc-client-executor-6294] com.alibaba.nacos.common.remote.client   : [37503bd2-1956-4ca2-9130-b7d19ed858a3] Ack server push request, request = ClientDetectionRequest, requestId = 776
02:35:41:815  WARN 23182 --- [HikariPool-1 housekeeper] com.zaxxer.hikari.pool.HikariPool        : HikariPool-1 - Thread starvation or clock leap detected (housekeeper delta=16m36s656ms).
02:53:27:802  INFO 23182 --- [nacos-grpc-client-executor-6307] com.alibaba.nacos.common.remote.client   : [37503bd2-1956-4ca2-9130-b7d19ed858a3] Receive server push request, request = ClientDetectionRequest, requestId = 781
02:53:27:805  INFO 23182 --- [nacos-grpc-client-executor-6307] com.alibaba.nacos.common.remote.client   : [37503bd2-1956-4ca2-9130-b7d19ed858a3] Ack server push request, request = ClientDetectionRequest, requestId = 781
02:53:51:604  WARN 23182 --- [HikariPool-1 housekeeper] com.zaxxer.hikari.pool.HikariPool        : HikariPool-1 - Thread starvation or clock leap detected (housekeeper delta=17m39s783ms).
02:59:12:274  WARN 23182 --- [HikariPool-1 housekeeper] com.zaxxer.hikari.pool.HikariPool        : HikariPool-1 - Thread starvation or clock leap detected (housekeeper delta=4m50s660ms).
03:15:09:185  WARN 23182 --- [HikariPool-1 housekeeper] com.zaxxer.hikari.pool.HikariPool        : HikariPool-1 - Thread starvation or clock leap detected (housekeeper delta=15m56s912ms).
03:15:15:437  INFO 23182 --- [nacos-grpc-client-executor-6331] com.alibaba.nacos.common.remote.client   : [37503bd2-1956-4ca2-9130-b7d19ed858a3] Receive server push request, request = ClientDetectionRequest, requestId = 789
03:15:15:439  INFO 23182 --- [nacos-grpc-client-executor-6331] com.alibaba.nacos.common.remote.client   : [37503bd2-1956-4ca2-9130-b7d19ed858a3] Ack server push request, request = ClientDetectionRequest, requestId = 789
03:33:33:627  INFO 23182 --- [nacos-grpc-client-executor-6355] com.alibaba.nacos.common.remote.client   : [37503bd2-1956-4ca2-9130-b7d19ed858a3] Receive server push request, request = ClientDetectionRequest, requestId = 796
03:33:33:629  INFO 23182 --- [nacos-grpc-client-executor-6355] com.alibaba.nacos.common.remote.client   : [37503bd2-1956-4ca2-9130-b7d19ed858a3] Ack server push request, request = ClientDetectionRequest, requestId = 796
03:33:57:325  WARN 23182 --- [HikariPool-1 housekeeper] com.zaxxer.hikari.pool.HikariPool        : HikariPool-1 - Thread starvation or clock leap detected (housekeeper delta=16m48s115ms).
03:44:24:736  WARN 23182 --- [HikariPool-1 housekeeper] com.zaxxer.hikari.pool.HikariPool        : HikariPool-1 - Thread starvation or clock leap detected (housekeeper delta=8m57s398ms).
03:45:01:157  INFO 23182 --- [nacos-grpc-client-executor-6391] com.alibaba.nacos.common.remote.client   : [37503bd2-1956-4ca2-9130-b7d19ed858a3] Receive server push request, request = ClientDetectionRequest, requestId = 801
03:45:01:161  INFO 23182 --- [nacos-grpc-client-executor-6391] com.alibaba.nacos.common.remote.client   : [37503bd2-1956-4ca2-9130-b7d19ed858a3] Ack server push request, request = ClientDetectionRequest, requestId = 801
03:59:49:485  WARN 23182 --- [HikariPool-1 housekeeper] com.zaxxer.hikari.pool.HikariPool        : HikariPool-1 - Thread starvation or clock leap detected (housekeeper delta=13m24s728ms).
03:59:55:909  INFO 23182 --- [nacos-grpc-client-executor-6415] com.alibaba.nacos.common.remote.client   : [37503bd2-1956-4ca2-9130-b7d19ed858a3] Receive server push request, request = ClientDetectionRequest, requestId = 809
03:59:55:910  INFO 23182 --- [nacos-grpc-client-executor-6415] com.alibaba.nacos.common.remote.client   : [37503bd2-1956-4ca2-9130-b7d19ed858a3] Ack server push request, request = ClientDetectionRequest, requestId = 809
04:11:45:814  WARN 23182 --- [HikariPool-1 housekeeper] com.zaxxer.hikari.pool.HikariPool        : HikariPool-1 - Thread starvation or clock leap detected (housekeeper delta=11m26s370ms).
04:11:52:338  INFO 23182 --- [nacos-grpc-client-executor-6427] com.alibaba.nacos.common.remote.client   : [37503bd2-1956-4ca2-9130-b7d19ed858a3] Receive server push request, request = ClientDetectionRequest, requestId = 814
04:11:52:339  INFO 23182 --- [nacos-grpc-client-executor-6427] com.alibaba.nacos.common.remote.client   : [37503bd2-1956-4ca2-9130-b7d19ed858a3] Ack server push request, request = ClientDetectionRequest, requestId = 814
04:29:52:679  WARN 23182 --- [HikariPool-1 housekeeper] com.zaxxer.hikari.pool.HikariPool        : HikariPool-1 - Thread starvation or clock leap detected (housekeeper delta=16m6s847ms).
04:49:29:242  WARN 23182 --- [HikariPool-1 housekeeper] com.zaxxer.hikari.pool.HikariPool        : HikariPool-1 - Thread starvation or clock leap detected (housekeeper delta=15m6s507ms).
05:01:02:047  WARN 23182 --- [HikariPool-1 housekeeper] com.zaxxer.hikari.pool.HikariPool        : HikariPool-1 - Thread starvation or clock leap detected (housekeeper delta=9m32s769ms).
05:23:18:006  WARN 23182 --- [HikariPool-1 housekeeper] com.zaxxer.hikari.pool.HikariPool        : HikariPool-1 - Thread starvation or clock leap detected (housekeeper delta=15m30s987ms).
05:23:24:826  INFO 23182 --- [nacos-grpc-client-executor-6640] com.alibaba.nacos.common.remote.client   : [37503bd2-1956-4ca2-9130-b7d19ed858a3] Receive server push request, request = ClientDetectionRequest, requestId = 840
05:23:24:826  INFO 23182 --- [nacos-grpc-client-executor-6640] com.alibaba.nacos.common.remote.client   : [37503bd2-1956-4ca2-9130-b7d19ed858a3] Ack server push request, request = ClientDetectionRequest, requestId = 840
05:41:28:513  INFO 23182 --- [nacos-grpc-client-executor-6667] com.alibaba.nacos.common.remote.client   : [37503bd2-1956-4ca2-9130-b7d19ed858a3] Receive server push request, request = ClientDetectionRequest, requestId = 845
05:41:28:516  INFO 23182 --- [nacos-grpc-client-executor-6667] com.alibaba.nacos.common.remote.client   : [37503bd2-1956-4ca2-9130-b7d19ed858a3] Ack server push request, request = ClientDetectionRequest, requestId = 845
05:41:51:610  WARN 23182 --- [HikariPool-1 housekeeper] com.zaxxer.hikari.pool.HikariPool        : HikariPool-1 - Thread starvation or clock leap detected (housekeeper delta=16m33s572ms).
05:59:41:319  WARN 23182 --- [HikariPool-1 housekeeper] com.zaxxer.hikari.pool.HikariPool        : HikariPool-1 - Thread starvation or clock leap detected (housekeeper delta=16m19s688ms).
06:00:18:392  INFO 23182 --- [nacos-grpc-client-executor-6704] com.alibaba.nacos.common.remote.client   : [37503bd2-1956-4ca2-9130-b7d19ed858a3] Receive server push request, request = ClientDetectionRequest, requestId = 852
06:00:18:393  INFO 23182 --- [nacos-grpc-client-executor-6704] com.alibaba.nacos.common.remote.client   : [37503bd2-1956-4ca2-9130-b7d19ed858a3] Ack server push request, request = ClientDetectionRequest, requestId = 852
06:00:18:417 ERROR 23182 --- [nacos-grpc-client-executor-6705] c.a.n.c.remote.client.grpc.GrpcClient    : [1745722871075_192.168.2.1_64334]Request stream onCompleted, switch server
06:00:18:423  INFO 23182 --- [com.alibaba.nacos.client.remote.worker] com.alibaba.nacos.common.remote.client   : [37503bd2-1956-4ca2-9130-b7d19ed858a3] Try to reconnect to a new server, server is  not appointed, will choose a random server.
06:00:18:585  INFO 23182 --- [com.alibaba.nacos.client.remote.worker] com.alibaba.nacos.common.remote.client   : [37503bd2-1956-4ca2-9130-b7d19ed858a3] Success to connect a server [192.168.2.132:8848], connectionId = 1745791218470_192.168.2.1_50703
06:00:18:585  INFO 23182 --- [com.alibaba.nacos.client.remote.worker] com.alibaba.nacos.common.remote.client   : [37503bd2-1956-4ca2-9130-b7d19ed858a3] Abandon prev connection, server is 192.168.2.132:8848, connectionId is 1745722871075_192.168.2.1_64334
06:00:18:587  INFO 23182 --- [com.alibaba.nacos.client.remote.worker] com.alibaba.nacos.common.remote.client   : Close current connection 1745722871075_192.168.2.1_64334
06:00:18:600  INFO 23182 --- [com.alibaba.nacos.client.remote.worker] com.alibaba.nacos.common.remote.client   : [37503bd2-1956-4ca2-9130-b7d19ed858a3] Notify disconnected event to listeners
06:00:18:606  INFO 23182 --- [com.alibaba.nacos.client.remote.worker] com.alibaba.nacos.common.remote.client   : [37503bd2-1956-4ca2-9130-b7d19ed858a3] Notify connected event to listeners.
06:00:20:820  INFO 23182 --- [nacos-grpc-client-executor-6712] com.alibaba.nacos.common.remote.client   : [37503bd2-1956-4ca2-9130-b7d19ed858a3] Receive server push request, request = NotifySubscriberRequest, requestId = 855
06:00:20:821  INFO 23182 --- [nacos-grpc-client-executor-6712] com.alibaba.nacos.common.remote.client   : [37503bd2-1956-4ca2-9130-b7d19ed858a3] Ack server push request, request = NotifySubscriberRequest, requestId = 855
06:20:31:401  WARN 23182 --- [HikariPool-1 housekeeper] com.zaxxer.hikari.pool.HikariPool        : HikariPool-1 - Thread starvation or clock leap detected (housekeeper delta=16m50s28ms).
06:20:38:550  INFO 23182 --- [nacos-grpc-client-executor-6760] com.alibaba.nacos.common.remote.client   : [37503bd2-1956-4ca2-9130-b7d19ed858a3] Receive server push request, request = ClientDetectionRequest, requestId = 857
06:20:38:550  INFO 23182 --- [nacos-grpc-client-executor-6760] com.alibaba.nacos.common.remote.client   : [37503bd2-1956-4ca2-9130-b7d19ed858a3] Ack server push request, request = ClientDetectionRequest, requestId = 857
06:20:38:570 ERROR 23182 --- [nacos-grpc-client-executor-6761] c.a.n.c.remote.client.grpc.GrpcClient    : [1745791218470_192.168.2.1_50703]Request stream onCompleted, switch server
06:20:38:573  INFO 23182 --- [com.alibaba.nacos.client.remote.worker] com.alibaba.nacos.common.remote.client   : [37503bd2-1956-4ca2-9130-b7d19ed858a3] Try to reconnect to a new server, server is  not appointed, will choose a random server.
06:20:38:747  INFO 23182 --- [com.alibaba.nacos.client.remote.worker] com.alibaba.nacos.common.remote.client   : [37503bd2-1956-4ca2-9130-b7d19ed858a3] Success to connect a server [192.168.2.132:8848], connectionId = 1745792438626_192.168.2.1_50722
06:20:38:747  INFO 23182 --- [com.alibaba.nacos.client.remote.worker] com.alibaba.nacos.common.remote.client   : [37503bd2-1956-4ca2-9130-b7d19ed858a3] Abandon prev connection, server is 192.168.2.132:8848, connectionId is 1745791218470_192.168.2.1_50703
06:20:38:748  INFO 23182 --- [com.alibaba.nacos.client.remote.worker] com.alibaba.nacos.common.remote.client   : Close current connection 1745791218470_192.168.2.1_50703
06:20:38:748  INFO 23182 --- [com.alibaba.nacos.client.remote.worker] com.alibaba.nacos.common.remote.client   : [37503bd2-1956-4ca2-9130-b7d19ed858a3] Notify disconnected event to listeners
06:20:38:752  INFO 23182 --- [com.alibaba.nacos.client.remote.worker] com.alibaba.nacos.common.remote.client   : [37503bd2-1956-4ca2-9130-b7d19ed858a3] Notify connected event to listeners.
06:20:41:416  INFO 23182 --- [nacos-grpc-client-executor-6769] com.alibaba.nacos.common.remote.client   : [37503bd2-1956-4ca2-9130-b7d19ed858a3] Receive server push request, request = NotifySubscriberRequest, requestId = 860
06:20:41:417  INFO 23182 --- [nacos-grpc-client-executor-6769] com.alibaba.nacos.common.remote.client   : [37503bd2-1956-4ca2-9130-b7d19ed858a3] Ack server push request, request = NotifySubscriberRequest, requestId = 860
06:40:57:545  WARN 23182 --- [HikariPool-1 housekeeper] com.zaxxer.hikari.pool.HikariPool        : HikariPool-1 - Thread starvation or clock leap detected (housekeeper delta=17m56s67ms).
06:41:04:760  INFO 23182 --- [nacos-grpc-client-executor-6806] com.alibaba.nacos.common.remote.client   : [37503bd2-1956-4ca2-9130-b7d19ed858a3] Receive server push request, request = ClientDetectionRequest, requestId = 862
06:41:04:761  INFO 23182 --- [nacos-grpc-client-executor-6806] com.alibaba.nacos.common.remote.client   : [37503bd2-1956-4ca2-9130-b7d19ed858a3] Ack server push request, request = ClientDetectionRequest, requestId = 862
06:57:58:346  WARN 23182 --- [HikariPool-1 housekeeper] com.zaxxer.hikari.pool.HikariPool        : HikariPool-1 - Thread starvation or clock leap detected (housekeeper delta=15m30s783ms).
06:58:05:604  INFO 23182 --- [nacos-grpc-client-executor-6831] com.alibaba.nacos.common.remote.client   : [37503bd2-1956-4ca2-9130-b7d19ed858a3] Receive server push request, request = ClientDetectionRequest, requestId = 864
06:58:05:605  INFO 23182 --- [nacos-grpc-client-executor-6831] com.alibaba.nacos.common.remote.client   : [37503bd2-1956-4ca2-9130-b7d19ed858a3] Ack server push request, request = ClientDetectionRequest, requestId = 864
07:02:09:833  WARN 23182 --- [HikariPool-1 housekeeper] com.zaxxer.hikari.pool.HikariPool        : HikariPool-1 - Thread starvation or clock leap detected (housekeeper delta=1m41s440ms).
07:02:17:129  INFO 23182 --- [nacos-grpc-client-executor-6870] com.alibaba.nacos.common.remote.client   : [37503bd2-1956-4ca2-9130-b7d19ed858a3] Receive server push request, request = ClientDetectionRequest, requestId = 866
07:02:17:130  INFO 23182 --- [nacos-grpc-client-executor-6870] com.alibaba.nacos.common.remote.client   : [37503bd2-1956-4ca2-9130-b7d19ed858a3] Ack server push request, request = ClientDetectionRequest, requestId = 866
07:20:00:409  WARN 23182 --- [HikariPool-1 housekeeper] com.zaxxer.hikari.pool.HikariPool        : HikariPool-1 - Thread starvation or clock leap detected (housekeeper delta=15m50s544ms).
07:20:37:773  INFO 23182 --- [nacos-grpc-client-executor-6907] com.alibaba.nacos.common.remote.client   : [37503bd2-1956-4ca2-9130-b7d19ed858a3] Receive server push request, request = ClientDetectionRequest, requestId = 868
07:20:37:775  INFO 23182 --- [nacos-grpc-client-executor-6907] com.alibaba.nacos.common.remote.client   : [37503bd2-1956-4ca2-9130-b7d19ed858a3] Ack server push request, request = ClientDetectionRequest, requestId = 868
07:39:20:135  WARN 23182 --- [HikariPool-1 housekeeper] com.zaxxer.hikari.pool.HikariPool        : HikariPool-1 - Thread starvation or clock leap detected (housekeeper delta=17m19s708ms).
07:39:27:543  INFO 23182 --- [nacos-grpc-client-executor-6932] com.alibaba.nacos.common.remote.client   : [37503bd2-1956-4ca2-9130-b7d19ed858a3] Receive server push request, request = ClientDetectionRequest, requestId = 870
07:39:27:544  INFO 23182 --- [nacos-grpc-client-executor-6932] com.alibaba.nacos.common.remote.client   : [37503bd2-1956-4ca2-9130-b7d19ed858a3] Ack server push request, request = ClientDetectionRequest, requestId = 870
07:56:21:961  WARN 23182 --- [HikariPool-1 housekeeper] com.zaxxer.hikari.pool.HikariPool        : HikariPool-1 - Thread starvation or clock leap detected (housekeeper delta=15m31s804ms).
07:56:29:413  INFO 23182 --- [nacos-grpc-client-executor-6956] com.alibaba.nacos.common.remote.client   : [37503bd2-1956-4ca2-9130-b7d19ed858a3] Receive server push request, request = ClientDetectionRequest, requestId = 872
07:56:29:414  INFO 23182 --- [nacos-grpc-client-executor-6956] com.alibaba.nacos.common.remote.client   : [37503bd2-1956-4ca2-9130-b7d19ed858a3] Ack server push request, request = ClientDetectionRequest, requestId = 872
08:01:22:939  WARN 23182 --- [HikariPool-1 housekeeper] com.zaxxer.hikari.pool.HikariPool        : HikariPool-1 - Thread starvation or clock leap detected (housekeeper delta=3m30s956ms).
08:01:27:486  INFO 23182 --- [nacos-grpc-client-executor-6979] com.alibaba.nacos.common.remote.client   : [37503bd2-1956-4ca2-9130-b7d19ed858a3] Receive server push request, request = ClientDetectionRequest, requestId = 878
08:01:27:487  INFO 23182 --- [nacos-grpc-client-executor-6979] com.alibaba.nacos.common.remote.client   : [37503bd2-1956-4ca2-9130-b7d19ed858a3] Ack server push request, request = ClientDetectionRequest, requestId = 878
08:05:25:038  INFO 23182 --- [nacos-grpc-client-executor-7003] com.alibaba.nacos.common.remote.client   : [37503bd2-1956-4ca2-9130-b7d19ed858a3] Receive server push request, request = ClientDetectionRequest, requestId = 883
08:05:25:045  INFO 23182 --- [nacos-grpc-client-executor-7003] com.alibaba.nacos.common.remote.client   : [37503bd2-1956-4ca2-9130-b7d19ed858a3] Ack server push request, request = ClientDetectionRequest, requestId = 883
08:05:50:436  WARN 23182 --- [HikariPool-1 housekeeper] com.zaxxer.hikari.pool.HikariPool        : HikariPool-1 - Thread starvation or clock leap detected (housekeeper delta=2m14s399ms).
08:09:48:334  WARN 23182 --- [HikariPool-1 housekeeper] com.zaxxer.hikari.pool.HikariPool        : HikariPool-1 - Thread starvation or clock leap detected (housekeeper delta=3m57s898ms).
08:09:52:988  INFO 23182 --- [nacos-grpc-client-executor-7015] com.alibaba.nacos.common.remote.client   : [37503bd2-1956-4ca2-9130-b7d19ed858a3] Receive server push request, request = ClientDetectionRequest, requestId = 888
08:09:52:989  INFO 23182 --- [nacos-grpc-client-executor-7015] com.alibaba.nacos.common.remote.client   : [37503bd2-1956-4ca2-9130-b7d19ed858a3] Ack server push request, request = ClientDetectionRequest, requestId = 888
08:13:24:994  WARN 23182 --- [HikariPool-1 housekeeper] com.zaxxer.hikari.pool.HikariPool        : HikariPool-1 - Thread starvation or clock leap detected (housekeeper delta=2m26s969ms).
08:13:59:704  INFO 23182 --- [nacos-grpc-client-executor-7039] com.alibaba.nacos.common.remote.client   : [37503bd2-1956-4ca2-9130-b7d19ed858a3] Receive server push request, request = ClientDetectionRequest, requestId = 893
08:13:59:705  INFO 23182 --- [nacos-grpc-client-executor-7039] com.alibaba.nacos.common.remote.client   : [37503bd2-1956-4ca2-9130-b7d19ed858a3] Ack server push request, request = ClientDetectionRequest, requestId = 893
08:15:45:329  WARN 23182 --- [HikariPool-1 housekeeper] com.zaxxer.hikari.pool.HikariPool        : HikariPool-1 - Thread starvation or clock leap detected (housekeeper delta=1m50s322ms).
08:18:58:372  WARN 23182 --- [HikariPool-1 housekeeper] com.zaxxer.hikari.pool.HikariPool        : HikariPool-1 - Thread starvation or clock leap detected (housekeeper delta=3m13s44ms).
08:19:03:166  INFO 23182 --- [nacos-grpc-client-executor-7053] com.alibaba.nacos.common.remote.client   : [37503bd2-1956-4ca2-9130-b7d19ed858a3] Receive server push request, request = ClientDetectionRequest, requestId = 898
08:19:03:168  INFO 23182 --- [nacos-grpc-client-executor-7053] com.alibaba.nacos.common.remote.client   : [37503bd2-1956-4ca2-9130-b7d19ed858a3] Ack server push request, request = ClientDetectionRequest, requestId = 898
08:39:29:084  WARN 23182 --- [HikariPool-1 housekeeper] com.zaxxer.hikari.pool.HikariPool        : HikariPool-1 - Thread starvation or clock leap detected (housekeeper delta=3m533ms).
08:39:34:255  INFO 23182 --- [nacos-grpc-client-executor-7274] com.alibaba.nacos.common.remote.client   : [37503bd2-1956-4ca2-9130-b7d19ed858a3] Receive server push request, request = ClientDetectionRequest, requestId = 903
08:39:34:255  INFO 23182 --- [nacos-grpc-client-executor-7274] com.alibaba.nacos.common.remote.client   : [37503bd2-1956-4ca2-9130-b7d19ed858a3] Ack server push request, request = ClientDetectionRequest, requestId = 903
09:10:17:120  WARN 23182 --- [HikariPool-1 housekeeper] com.zaxxer.hikari.pool.HikariPool        : HikariPool-1 - Thread starvation or clock leap detected (housekeeper delta=30m48s37ms).
09:16:20:705  WARN 23182 --- [HikariPool-1 housekeeper] com.zaxxer.hikari.pool.HikariPool        : HikariPool-1 - Thread starvation or clock leap detected (housekeeper delta=6m3s584ms).
09:16:25:961  INFO 23182 --- [nacos-grpc-client-executor-7287] com.alibaba.nacos.common.remote.client   : [37503bd2-1956-4ca2-9130-b7d19ed858a3] Receive server push request, request = ClientDetectionRequest, requestId = 908
09:16:25:962  INFO 23182 --- [nacos-grpc-client-executor-7287] com.alibaba.nacos.common.remote.client   : [37503bd2-1956-4ca2-9130-b7d19ed858a3] Ack server push request, request = ClientDetectionRequest, requestId = 908
09:20:40:615  WARN 23182 --- [HikariPool-1 housekeeper] com.zaxxer.hikari.pool.HikariPool        : HikariPool-1 - Thread starvation or clock leap detected (housekeeper delta=4m19s911ms).
09:46:02:686  WARN 23182 --- [HikariPool-1 housekeeper] com.zaxxer.hikari.pool.HikariPool        : HikariPool-1 - Thread starvation or clock leap detected (housekeeper delta=25m22s70ms).
09:46:08:177  INFO 23182 --- [nacos-grpc-client-executor-7301] com.alibaba.nacos.common.remote.client   : [37503bd2-1956-4ca2-9130-b7d19ed858a3] Receive server push request, request = ClientDetectionRequest, requestId = 913
09:46:08:179  INFO 23182 --- [nacos-grpc-client-executor-7301] com.alibaba.nacos.common.remote.client   : [37503bd2-1956-4ca2-9130-b7d19ed858a3] Ack server push request, request = ClientDetectionRequest, requestId = 913
09:47:06:002  WARN 23182 --- [HikariPool-1 housekeeper] com.zaxxer.hikari.pool.HikariPool        : HikariPool-1 - Thread starvation or clock leap detected (housekeeper delta=1m3s317ms).
09:51:37:821  WARN 23182 --- [HikariPool-1 housekeeper] com.zaxxer.hikari.pool.HikariPool        : HikariPool-1 - Thread starvation or clock leap detected (housekeeper delta=4m31s818ms).
09:51:43:350  INFO 23182 --- [nacos-grpc-client-executor-7315] com.alibaba.nacos.common.remote.client   : [37503bd2-1956-4ca2-9130-b7d19ed858a3] Receive server push request, request = ClientDetectionRequest, requestId = 918
09:51:43:351  INFO 23182 --- [nacos-grpc-client-executor-7315] com.alibaba.nacos.common.remote.client   : [37503bd2-1956-4ca2-9130-b7d19ed858a3] Ack server push request, request = ClientDetectionRequest, requestId = 918
10:45:32:845  WARN 23182 --- [HikariPool-1 housekeeper] com.zaxxer.hikari.pool.HikariPool        : HikariPool-1 - Thread starvation or clock leap detected (housekeeper delta=53m55s25ms).
10:53:26:849  WARN 23182 --- [HikariPool-1 housekeeper] com.zaxxer.hikari.pool.HikariPool        : HikariPool-1 - Thread starvation or clock leap detected (housekeeper delta=7m54s3ms).
11:10:15:872  INFO 23182 --- [nacos-grpc-client-executor-7330] com.alibaba.nacos.common.remote.client   : [37503bd2-1956-4ca2-9130-b7d19ed858a3] Receive server push request, request = ClientDetectionRequest, requestId = 923
11:10:15:873  INFO 23182 --- [nacos-grpc-client-executor-7330] com.alibaba.nacos.common.remote.client   : [37503bd2-1956-4ca2-9130-b7d19ed858a3] Ack server push request, request = ClientDetectionRequest, requestId = 923
11:45:37:422  WARN 23182 --- [HikariPool-1 housekeeper] com.zaxxer.hikari.pool.HikariPool        : HikariPool-1 - Thread starvation or clock leap detected (housekeeper delta=52m10s571ms).
12:06:52:552  WARN 23182 --- [HikariPool-1 housekeeper] com.zaxxer.hikari.pool.HikariPool        : HikariPool-1 - Thread starvation or clock leap detected (housekeeper delta=21m15s133ms).
12:23:13:105  INFO 23182 --- [nacos-grpc-client-executor-7341] com.alibaba.nacos.common.remote.client   : [37503bd2-1956-4ca2-9130-b7d19ed858a3] Receive server push request, request = ClientDetectionRequest, requestId = 932
12:23:13:105  INFO 23182 --- [nacos-grpc-client-executor-7341] com.alibaba.nacos.common.remote.client   : [37503bd2-1956-4ca2-9130-b7d19ed858a3] Ack server push request, request = ClientDetectionRequest, requestId = 932
12:23:13:119 ERROR 23182 --- [nacos-grpc-client-executor-7342] c.a.n.c.remote.client.grpc.GrpcClient    : [1745792438626_192.168.2.1_50722]Request stream onCompleted, switch server
12:23:13:119  INFO 23182 --- [com.alibaba.nacos.client.remote.worker] com.alibaba.nacos.common.remote.client   : [37503bd2-1956-4ca2-9130-b7d19ed858a3] Try to reconnect to a new server, server is  not appointed, will choose a random server.
12:23:13:242  INFO 23182 --- [com.alibaba.nacos.client.remote.worker] com.alibaba.nacos.common.remote.client   : [37503bd2-1956-4ca2-9130-b7d19ed858a3] Success to connect a server [192.168.2.132:8848], connectionId = 1745814193125_192.168.2.1_51432
12:23:13:242  INFO 23182 --- [com.alibaba.nacos.client.remote.worker] com.alibaba.nacos.common.remote.client   : [37503bd2-1956-4ca2-9130-b7d19ed858a3] Abandon prev connection, server is 192.168.2.132:8848, connectionId is 1745792438626_192.168.2.1_50722
12:23:13:242  INFO 23182 --- [com.alibaba.nacos.client.remote.worker] com.alibaba.nacos.common.remote.client   : Close current connection 1745792438626_192.168.2.1_50722
12:23:13:243  INFO 23182 --- [com.alibaba.nacos.client.remote.worker] com.alibaba.nacos.common.remote.client   : [37503bd2-1956-4ca2-9130-b7d19ed858a3] Notify disconnected event to listeners
12:23:13:245  INFO 23182 --- [com.alibaba.nacos.client.remote.worker] com.alibaba.nacos.common.remote.client   : [37503bd2-1956-4ca2-9130-b7d19ed858a3] Notify connected event to listeners.
12:23:16:334  INFO 23182 --- [nacos-grpc-client-executor-7349] com.alibaba.nacos.common.remote.client   : [37503bd2-1956-4ca2-9130-b7d19ed858a3] Receive server push request, request = NotifySubscriberRequest, requestId = 939
12:23:16:338  INFO 23182 --- [nacos-grpc-client-executor-7349] com.alibaba.nacos.common.remote.client   : [37503bd2-1956-4ca2-9130-b7d19ed858a3] Ack server push request, request = NotifySubscriberRequest, requestId = 939
12:38:54:416  WARN 23182 --- [HikariPool-1 housekeeper] com.zaxxer.hikari.pool.HikariPool        : HikariPool-1 - Thread starvation or clock leap detected (housekeeper delta=32m1s864ms).
12:58:17:501  WARN 23182 --- [HikariPool-1 housekeeper] com.zaxxer.hikari.pool.HikariPool        : HikariPool-1 - Thread starvation or clock leap detected (housekeeper delta=19m23s84ms).
12:58:23:213  INFO 23182 --- [nacos-grpc-client-executor-7362] com.alibaba.nacos.common.remote.client   : [37503bd2-1956-4ca2-9130-b7d19ed858a3] Receive server push request, request = ClientDetectionRequest, requestId = 943
12:58:23:214  INFO 23182 --- [nacos-grpc-client-executor-7362] com.alibaba.nacos.common.remote.client   : [37503bd2-1956-4ca2-9130-b7d19ed858a3] Ack server push request, request = ClientDetectionRequest, requestId = 943
13:01:35:417  WARN 23182 --- [HikariPool-1 housekeeper] com.zaxxer.hikari.pool.HikariPool        : HikariPool-1 - Thread starvation or clock leap detected (housekeeper delta=3m17s917ms).
13:10:27:110  WARN 23182 --- [HikariPool-1 housekeeper] com.zaxxer.hikari.pool.HikariPool        : HikariPool-1 - Thread starvation or clock leap detected (housekeeper delta=8m51s693ms).
13:15:41:821  INFO 23182 --- [nacos-grpc-client-executor-7374] com.alibaba.nacos.common.remote.client   : [37503bd2-1956-4ca2-9130-b7d19ed858a3] Receive server push request, request = ClientDetectionRequest, requestId = 948
13:15:41:822  INFO 23182 --- [nacos-grpc-client-executor-7374] com.alibaba.nacos.common.remote.client   : [37503bd2-1956-4ca2-9130-b7d19ed858a3] Ack server push request, request = ClientDetectionRequest, requestId = 948
13:24:12:609  WARN 23182 --- [HikariPool-1 housekeeper] com.zaxxer.hikari.pool.HikariPool        : HikariPool-1 - Thread starvation or clock leap detected (housekeeper delta=13m45s499ms).
13:37:55:510  WARN 23182 --- [HikariPool-1 housekeeper] com.zaxxer.hikari.pool.HikariPool        : HikariPool-1 - Thread starvation or clock leap detected (housekeeper delta=13m42s901ms).
13:39:54:681  INFO 23182 --- [nacos-grpc-client-executor-7386] com.alibaba.nacos.common.remote.client   : [37503bd2-1956-4ca2-9130-b7d19ed858a3] Receive server push request, request = ClientDetectionRequest, requestId = 953
13:39:54:681  INFO 23182 --- [nacos-grpc-client-executor-7386] com.alibaba.nacos.common.remote.client   : [37503bd2-1956-4ca2-9130-b7d19ed858a3] Ack server push request, request = ClientDetectionRequest, requestId = 953
14:07:42:631  WARN 23182 --- [HikariPool-1 housekeeper] com.zaxxer.hikari.pool.HikariPool        : HikariPool-1 - Thread starvation or clock leap detected (housekeeper delta=29m47s120ms).
14:40:32:637  WARN 23182 --- [HikariPool-1 housekeeper] com.zaxxer.hikari.pool.HikariPool        : HikariPool-1 - Thread starvation or clock leap detected (housekeeper delta=32m50s6ms).
14:40:46:690  INFO 23182 --- [nacos-grpc-client-executor-7402] com.alibaba.nacos.common.remote.client   : [37503bd2-1956-4ca2-9130-b7d19ed858a3] Receive server push request, request = ClientDetectionRequest, requestId = 958
14:40:46:691  INFO 23182 --- [nacos-grpc-client-executor-7402] com.alibaba.nacos.common.remote.client   : [37503bd2-1956-4ca2-9130-b7d19ed858a3] Ack server push request, request = ClientDetectionRequest, requestId = 958
15:17:33:564  WARN 23182 --- [HikariPool-1 housekeeper] com.zaxxer.hikari.pool.HikariPool        : HikariPool-1 - Thread starvation or clock leap detected (housekeeper delta=37m928ms).
15:18:38:671  WARN 23182 --- [HikariPool-1 housekeeper] com.zaxxer.hikari.pool.HikariPool        : HikariPool-1 - Thread starvation or clock leap detected (housekeeper delta=1m5s107ms).
15:36:15:068  INFO 23182 --- [nacos-grpc-client-executor-7415] com.alibaba.nacos.common.remote.client   : [37503bd2-1956-4ca2-9130-b7d19ed858a3] Receive server push request, request = ClientDetectionRequest, requestId = 962
15:36:15:068  INFO 23182 --- [nacos-grpc-client-executor-7415] com.alibaba.nacos.common.remote.client   : [37503bd2-1956-4ca2-9130-b7d19ed858a3] Ack server push request, request = ClientDetectionRequest, requestId = 962
15:50:01:996  WARN 23182 --- [HikariPool-1 housekeeper] com.zaxxer.hikari.pool.HikariPool        : HikariPool-1 - Thread starvation or clock leap detected (housekeeper delta=31m23s325ms).
16:39:22:106  WARN 23182 --- [HikariPool-1 housekeeper] com.zaxxer.hikari.pool.HikariPool        : HikariPool-1 - Thread starvation or clock leap detected (housekeeper delta=49m20s109ms).
16:39:28:120  INFO 23182 --- [nacos-grpc-client-executor-7426] com.alibaba.nacos.common.remote.client   : [37503bd2-1956-4ca2-9130-b7d19ed858a3] Receive server push request, request = ClientDetectionRequest, requestId = 966
16:39:28:120  INFO 23182 --- [nacos-grpc-client-executor-7426] com.alibaba.nacos.common.remote.client   : [37503bd2-1956-4ca2-9130-b7d19ed858a3] Ack server push request, request = ClientDetectionRequest, requestId = 966
16:47:38:990  WARN 23182 --- [HikariPool-1 housekeeper] com.zaxxer.hikari.pool.HikariPool        : HikariPool-1 - Thread starvation or clock leap detected (housekeeper delta=8m16s885ms).
17:04:46:038  WARN 23182 --- [HikariPool-1 housekeeper] com.zaxxer.hikari.pool.HikariPool        : HikariPool-1 - Thread starvation or clock leap detected (housekeeper delta=17m7s48ms).
17:15:49:650  INFO 23182 --- [nacos-grpc-client-executor-7440] com.alibaba.nacos.common.remote.client   : [37503bd2-1956-4ca2-9130-b7d19ed858a3] Receive server push request, request = ClientDetectionRequest, requestId = 969
17:15:49:651  INFO 23182 --- [nacos-grpc-client-executor-7440] com.alibaba.nacos.common.remote.client   : [37503bd2-1956-4ca2-9130-b7d19ed858a3] Ack server push request, request = ClientDetectionRequest, requestId = 969
17:16:23:630  WARN 23182 --- [HikariPool-1 housekeeper] com.zaxxer.hikari.pool.HikariPool        : HikariPool-1 - Thread starvation or clock leap detected (housekeeper delta=11m37s592ms).
17:27:33:675  WARN 23182 --- [HikariPool-1 housekeeper] com.zaxxer.hikari.pool.HikariPool        : HikariPool-1 - Thread starvation or clock leap detected (housekeeper delta=11m10s45ms).
17:36:34:907  INFO 23182 --- [nacos-grpc-client-executor-7453] com.alibaba.nacos.common.remote.client   : [37503bd2-1956-4ca2-9130-b7d19ed858a3] Receive server push request, request = ClientDetectionRequest, requestId = 972
17:36:34:908  INFO 23182 --- [nacos-grpc-client-executor-7453] com.alibaba.nacos.common.remote.client   : [37503bd2-1956-4ca2-9130-b7d19ed858a3] Ack server push request, request = ClientDetectionRequest, requestId = 972
17:40:48:260  WARN 23182 --- [HikariPool-1 housekeeper] com.zaxxer.hikari.pool.HikariPool        : HikariPool-1 - Thread starvation or clock leap detected (housekeeper delta=13m14s585ms).
17:46:43:130  WARN 23182 --- [HikariPool-1 housekeeper] com.zaxxer.hikari.pool.HikariPool        : HikariPool-1 - Thread starvation or clock leap detected (housekeeper delta=5m54s869ms).
17:49:25:079  INFO 23182 --- [nacos-grpc-client-executor-7465] com.alibaba.nacos.common.remote.client   : [37503bd2-1956-4ca2-9130-b7d19ed858a3] Receive server push request, request = ClientDetectionRequest, requestId = 978
17:49:25:080  INFO 23182 --- [nacos-grpc-client-executor-7465] com.alibaba.nacos.common.remote.client   : [37503bd2-1956-4ca2-9130-b7d19ed858a3] Ack server push request, request = ClientDetectionRequest, requestId = 978
17:54:21:722  WARN 23182 --- [HikariPool-1 housekeeper] com.zaxxer.hikari.pool.HikariPool        : HikariPool-1 - Thread starvation or clock leap detected (housekeeper delta=7m38s593ms).
17:56:02:022  WARN 23182 --- [HikariPool-1 housekeeper] com.zaxxer.hikari.pool.HikariPool        : HikariPool-1 - Thread starvation or clock leap detected (housekeeper delta=1m40s300ms).
17:56:23:895  INFO 23182 --- [nacos-grpc-client-executor-7477] com.alibaba.nacos.common.remote.client   : [37503bd2-1956-4ca2-9130-b7d19ed858a3] Receive server push request, request = ClientDetectionRequest, requestId = 985
17:56:23:896  INFO 23182 --- [nacos-grpc-client-executor-7477] com.alibaba.nacos.common.remote.client   : [37503bd2-1956-4ca2-9130-b7d19ed858a3] Ack server push request, request = ClientDetectionRequest, requestId = 985
18:10:54:269  WARN 23182 --- [HikariPool-1 housekeeper] com.zaxxer.hikari.pool.HikariPool        : HikariPool-1 - Thread starvation or clock leap detected (housekeeper delta=14m52s247ms).
18:13:15:314  WARN 23182 --- [HikariPool-1 housekeeper] com.zaxxer.hikari.pool.HikariPool        : HikariPool-1 - Thread starvation or clock leap detected (housekeeper delta=2m21s45ms).
18:13:21:653  INFO 23182 --- [nacos-grpc-client-executor-7489] com.alibaba.nacos.common.remote.client   : [37503bd2-1956-4ca2-9130-b7d19ed858a3] Receive server push request, request = ClientDetectionRequest, requestId = 988
18:13:21:654  INFO 23182 --- [nacos-grpc-client-executor-7489] com.alibaba.nacos.common.remote.client   : [37503bd2-1956-4ca2-9130-b7d19ed858a3] Ack server push request, request = ClientDetectionRequest, requestId = 988
18:59:41:341  WARN 23182 --- [HikariPool-1 housekeeper] com.zaxxer.hikari.pool.HikariPool        : HikariPool-1 - Thread starvation or clock leap detected (housekeeper delta=46m26s27ms).
19:44:46:887  WARN 23182 --- [HikariPool-1 housekeeper] com.zaxxer.hikari.pool.HikariPool        : HikariPool-1 - Thread starvation or clock leap detected (housekeeper delta=45m5s546ms).
19:56:21:728  INFO 23182 --- [nacos-grpc-client-executor-7501] com.alibaba.nacos.common.remote.client   : [37503bd2-1956-4ca2-9130-b7d19ed858a3] Receive server push request, request = ClientDetectionRequest, requestId = 991
19:56:21:729  INFO 23182 --- [nacos-grpc-client-executor-7501] com.alibaba.nacos.common.remote.client   : [37503bd2-1956-4ca2-9130-b7d19ed858a3] Ack server push request, request = ClientDetectionRequest, requestId = 991
20:30:52:968  WARN 23182 --- [HikariPool-1 housekeeper] com.zaxxer.hikari.pool.HikariPool        : HikariPool-1 - Thread starvation or clock leap detected (housekeeper delta=46m6s81ms).
20:45:40:897  WARN 23182 --- [HikariPool-1 housekeeper] com.zaxxer.hikari.pool.HikariPool        : HikariPool-1 - Thread starvation or clock leap detected (housekeeper delta=14m47s929ms).
20:45:47:317  INFO 23182 --- [nacos-grpc-client-executor-7513] com.alibaba.nacos.common.remote.client   : [37503bd2-1956-4ca2-9130-b7d19ed858a3] Receive server push request, request = ClientDetectionRequest, requestId = 997
20:45:47:318  INFO 23182 --- [nacos-grpc-client-executor-7513] com.alibaba.nacos.common.remote.client   : [37503bd2-1956-4ca2-9130-b7d19ed858a3] Ack server push request, request = ClientDetectionRequest, requestId = 997
21:01:31:329  WARN 23182 --- [HikariPool-1 housekeeper] com.zaxxer.hikari.pool.HikariPool        : HikariPool-1 - Thread starvation or clock leap detected (housekeeper delta=15m50s432ms).
21:04:36:188  WARN 23182 --- [HikariPool-1 housekeeper] com.zaxxer.hikari.pool.HikariPool        : HikariPool-1 - Thread starvation or clock leap detected (housekeeper delta=3m4s859ms).
21:05:57:240  INFO 23182 --- [nacos-grpc-client-executor-7526] com.alibaba.nacos.common.remote.client   : [37503bd2-1956-4ca2-9130-b7d19ed858a3] Receive server push request, request = ClientDetectionRequest, requestId = 1000
21:05:57:241  INFO 23182 --- [nacos-grpc-client-executor-7526] com.alibaba.nacos.common.remote.client   : [37503bd2-1956-4ca2-9130-b7d19ed858a3] Ack server push request, request = ClientDetectionRequest, requestId = 1000
21:11:53:371  WARN 23182 --- [HikariPool-1 housekeeper] com.zaxxer.hikari.pool.HikariPool        : HikariPool-1 - Thread starvation or clock leap detected (housekeeper delta=7m17s183ms).
21:21:49:591  WARN 23182 --- [HikariPool-1 housekeeper] com.zaxxer.hikari.pool.HikariPool        : HikariPool-1 - Thread starvation or clock leap detected (housekeeper delta=9m56s220ms).
21:33:41:430  WARN 23182 --- [HikariPool-1 housekeeper] com.zaxxer.hikari.pool.HikariPool        : HikariPool-1 - Thread starvation or clock leap detected (housekeeper delta=11m51s839ms).
21:44:49:874  WARN 23182 --- [HikariPool-1 housekeeper] com.zaxxer.hikari.pool.HikariPool        : HikariPool-1 - Thread starvation or clock leap detected (housekeeper delta=11m8s444ms).
21:44:53:412  INFO 23182 --- [nacos-grpc-client-executor-7549] com.alibaba.nacos.common.remote.client   : [37503bd2-1956-4ca2-9130-b7d19ed858a3] Receive server push request, request = ClientDetectionRequest, requestId = 1006
21:44:53:412  INFO 23182 --- [nacos-grpc-client-executor-7549] com.alibaba.nacos.common.remote.client   : [37503bd2-1956-4ca2-9130-b7d19ed858a3] Ack server push request, request = ClientDetectionRequest, requestId = 1006
21:47:09:803  WARN 23182 --- [HikariPool-1 housekeeper] com.zaxxer.hikari.pool.HikariPool        : HikariPool-1 - Thread starvation or clock leap detected (housekeeper delta=2m19s929ms).
21:47:43:664  INFO 23182 --- [nacos-grpc-client-executor-7561] com.alibaba.nacos.common.remote.client   : [37503bd2-1956-4ca2-9130-b7d19ed858a3] Receive server push request, request = ClientDetectionRequest, requestId = 1011
21:47:43:673  INFO 23182 --- [nacos-grpc-client-executor-7561] com.alibaba.nacos.common.remote.client   : [37503bd2-1956-4ca2-9130-b7d19ed858a3] Ack server push request, request = ClientDetectionRequest, requestId = 1011
22:24:27:340  WARN 23182 --- [HikariPool-1 housekeeper] com.zaxxer.hikari.pool.HikariPool        : HikariPool-1 - Thread starvation or clock leap detected (housekeeper delta=16m47s313ms).
22:31:53:449  WARN 23182 --- [HikariPool-1 housekeeper] com.zaxxer.hikari.pool.HikariPool        : HikariPool-1 - Thread starvation or clock leap detected (housekeeper delta=7m26s109ms).
22:31:57:957  INFO 23182 --- [nacos-grpc-client-executor-7824] com.alibaba.nacos.common.remote.client   : [37503bd2-1956-4ca2-9130-b7d19ed858a3] Receive server push request, request = ClientDetectionRequest, requestId = 1016
22:31:57:958  INFO 23182 --- [nacos-grpc-client-executor-7824] com.alibaba.nacos.common.remote.client   : [37503bd2-1956-4ca2-9130-b7d19ed858a3] Ack server push request, request = ClientDetectionRequest, requestId = 1016
22:49:45:115  WARN 23182 --- [HikariPool-1 housekeeper] com.zaxxer.hikari.pool.HikariPool        : HikariPool-1 - Thread starvation or clock leap detected (housekeeper delta=2m21s494ms).
22:57:24:121  WARN 23182 --- [HikariPool-1 housekeeper] com.zaxxer.hikari.pool.HikariPool        : HikariPool-1 - Thread starvation or clock leap detected (housekeeper delta=7m39s6ms).
23:27:11:232 DEBUG 23182 --- [http-nio-8084-exec-5] c.h.user.mapper.UserMapper.selectOne     : ==>  Preparing: SELECT id,username,password,phone,create_time,update_time,status,balance FROM user WHERE (username = ?)
23:27:11:234 DEBUG 23182 --- [http-nio-8084-exec-5] c.h.user.mapper.UserMapper.selectOne     : ==> Parameters: jack(String)
23:27:11:257 DEBUG 23182 --- [http-nio-8084-exec-5] c.h.user.mapper.UserMapper.selectOne     : <==      Total: 1
23:27:57:624 DEBUG 23182 --- [http-nio-8084-exec-6] c.h.user.mapper.UserMapper.selectOne     : ==>  Preparing: SELECT id,username,password,phone,create_time,update_time,status,balance FROM user WHERE (username = ?)
23:27:57:627 DEBUG 23182 --- [http-nio-8084-exec-6] c.h.user.mapper.UserMapper.selectOne     : ==> Parameters: rose(String)
23:27:57:631 DEBUG 23182 --- [http-nio-8084-exec-6] c.h.user.mapper.UserMapper.selectOne     : <==      Total: 1
23:30:51:805  WARN 23182 --- [Thread-7] c.a.n.common.http.HttpClientBeanHolder   : [HttpClientBeanHolder] Start destroying common HttpClient
23:30:51:805  WARN 23182 --- [Thread-4] c.a.nacos.common.notify.NotifyCenter     : [NotifyCenter] Start destroying Publisher
23:30:51:806  WARN 23182 --- [Thread-4] c.a.nacos.common.notify.NotifyCenter     : [NotifyCenter] Destruction of the end
23:30:51:808  WARN 23182 --- [Thread-7] c.a.n.common.http.HttpClientBeanHolder   : [HttpClientBeanHolder] Destruction of the end
23:30:51:873  INFO 23182 --- [SpringApplicationShutdownHook] c.a.c.n.registry.NacosServiceRegistry    : De-registering from Nacos Server now...
23:30:51:875  INFO 23182 --- [SpringApplicationShutdownHook] c.a.c.n.registry.NacosServiceRegistry    : De-registration finished.
23:30:52:188  INFO 23182 --- [SpringApplicationShutdownHook] com.alibaba.nacos.common.remote.client   : Shutdown rpc client, set status to shutdown
23:30:52:188  INFO 23182 --- [SpringApplicationShutdownHook] com.alibaba.nacos.common.remote.client   : Shutdown client event executor java.util.concurrent.ScheduledThreadPoolExecutor@6ee8e3cf[Running, pool size = 2, active threads = 2, queued tasks = 0, completed tasks = 0]
23:30:52:188  INFO 23182 --- [SpringApplicationShutdownHook] com.alibaba.nacos.common.remote.client   : Close current connection 1745814193125_192.168.2.1_51432
23:30:52:190  INFO 23182 --- [SpringApplicationShutdownHook] c.a.n.c.remote.client.grpc.GrpcClient    : Shutdown grpc executor java.util.concurrent.ThreadPoolExecutor@2c9e2471[Running, pool size = 6, active threads = 0, queued tasks = 0, completed tasks = 8457]
23:30:52:198  INFO 23182 --- [SpringApplicationShutdownHook] com.zaxxer.hikari.HikariDataSource       : HikariPool-1 - Shutdown initiated...
23:30:52:217  INFO 23182 --- [SpringApplicationShutdownHook] com.zaxxer.hikari.HikariDataSource       : HikariPool-1 - Shutdown completed.
